Using pre-set license
Built from '2022.3/staging' branch; Version is '2022.3.9f1 (ea401c316338) revision 15351836'; Using compiler version '192829333'; Build Type 'Release'
OS: 'Windows 11  (10.0.22000) 64bit Core' Language: 'ko' Physical Memory: 16139 MB
BatchMode: 1, IsHumanControllingUs: 0, StartBugReporterOnCrash: 0, Is64bit: 1, IsPro: 1

COMMAND LINE ARGUMENTS:
C:\Program Files\Unity\Hub\Editor\2022.3.9f1\Editor\Unity.exe
-adb2
-batchMode
-noUpm
-name
AssetImportWorker3
-projectPath
C:/Users/G418-31/Documents/GitHub/2023-2-GAMEJEM/sum i
-logFile
Logs/AssetImportWorker3.log
-srvPort
54020
Successfully changed project path to: C:/Users/G418-31/Documents/GitHub/2023-2-GAMEJEM/sum i
C:/Users/G418-31/Documents/GitHub/2023-2-GAMEJEM/sum i
[UnityMemory] Configuration Parameters - Can be set up in boot.config
    "memorysetup-bucket-allocator-granularity=16"
    "memorysetup-bucket-allocator-bucket-count=8"
    "memorysetup-bucket-allocator-block-size=33554432"
    "memorysetup-bucket-allocator-block-count=8"
    "memorysetup-main-allocator-block-size=16777216"
    "memorysetup-thread-allocator-block-size=16777216"
    "memorysetup-gfx-main-allocator-block-size=16777216"
    "memorysetup-gfx-thread-allocator-block-size=16777216"
    "memorysetup-cache-allocator-block-size=4194304"
    "memorysetup-typetree-allocator-block-size=2097152"
    "memorysetup-profiler-bucket-allocator-granularity=16"
    "memorysetup-profiler-bucket-allocator-bucket-count=8"
    "memorysetup-profiler-bucket-allocator-block-size=33554432"
    "memorysetup-profiler-bucket-allocator-block-count=8"
    "memorysetup-profiler-allocator-block-size=16777216"
    "memorysetup-profiler-editor-allocator-block-size=1048576"
    "memorysetup-temp-allocator-size-main=16777216"
    "memorysetup-job-temp-allocator-block-size=2097152"
    "memorysetup-job-temp-allocator-block-size-background=1048576"
    "memorysetup-job-temp-allocator-reduction-small-platforms=262144"
    "memorysetup-allocator-temp-initial-block-size-main=262144"
    "memorysetup-allocator-temp-initial-block-size-worker=262144"
    "memorysetup-temp-allocator-size-background-worker=32768"
    "memorysetup-temp-allocator-size-job-worker=262144"
    "memorysetup-temp-allocator-size-preload-manager=33554432"
    "memorysetup-temp-allocator-size-nav-mesh-worker=65536"
    "memorysetup-temp-allocator-size-audio-worker=65536"
    "memorysetup-temp-allocator-size-cloud-worker=32768"
    "memorysetup-temp-allocator-size-gi-baking-worker=262144"
    "memorysetup-temp-allocator-size-gfx=262144"
Player connection [1292] Host "[IP] 117.16.45.155 [Port] 0 [Flags] 2 [Guid] 2372611082 [EditorId] 2372611082 [Version] 1048832 [Id] WindowsEditor(7,DESKTOP-6GAIPHE) [Debug] 1 [PackageName] WindowsEditor [ProjectName] Editor" joined multi-casting on [225.0.0.222:54997]...

Player connection [1292] Host "[IP] 117.16.45.155 [Port] 0 [Flags] 2 [Guid] 2372611082 [EditorId] 2372611082 [Version] 1048832 [Id] WindowsEditor(7,DESKTOP-6GAIPHE) [Debug] 1 [PackageName] WindowsEditor [ProjectName] Editor" joined alternative multi-casting on [225.0.0.222:34997]...

[Physics::Module] Initialized MultithreadedJobDispatcher with 19 workers.
Refreshing native plugins compatible for Editor in 4.97 ms, found 4 plugins.
Preloading 0 native plugins for Editor in 0.00 ms.
Initialize engine version: 2022.3.9f1 (ea401c316338)
[Subsystems] Discovering subsystems at path C:/Program Files/Unity/Hub/Editor/2022.3.9f1/Editor/Data/Resources/UnitySubsystems
[Subsystems] Discovering subsystems at path C:/Users/G418-31/Documents/GitHub/2023-2-GAMEJEM/sum i/Assets
GfxDevice: creating device client; threaded=0; jobified=0
Direct3D:
    Version:  Direct3D 11.0 [level 11.1]
    Renderer: NVIDIA GeForce RTX 3060 Ti (ID=0x2489)
    Vendor:   NVIDIA
    VRAM:     8038 MB
    Driver:   31.0.15.3640
Initialize mono
Mono path[0] = 'C:/Program Files/Unity/Hub/Editor/2022.3.9f1/Editor/Data/Managed'
Mono path[1] = 'C:/Program Files/Unity/Hub/Editor/2022.3.9f1/Editor/Data/MonoBleedingEdge/lib/mono/unityjit-win32'
Mono config path = 'C:/Program Files/Unity/Hub/Editor/2022.3.9f1/Editor/Data/MonoBleedingEdge/etc'
Using monoOptions --debugger-agent=transport=dt_socket,embedding=1,server=y,suspend=n,address=127.0.0.1:56096
Begin MonoManager ReloadAssembly
Registering precompiled unity dll's ...
Register platform support module: C:/Program Files/Unity/Hub/Editor/2022.3.9f1/Editor/Data/PlaybackEngines/WindowsStandaloneSupport/UnityEditor.WindowsStandalone.Extensions.dll
Registered in 0.003103 seconds.
- Loaded All Assemblies, in  0.212 seconds
Native extension for WindowsStandalone target not found
Mono: successfully reloaded assembly
- Finished resetting the current domain, in  0.164 seconds
Domain Reload Profiling: 375ms
	BeginReloadAssembly (67ms)
		ExecutionOrderSort (0ms)
		DisableScriptedObjects (0ms)
		BackupInstance (0ms)
		ReleaseScriptingObjects (0ms)
		CreateAndSetChildDomain (0ms)
	RebuildCommonClasses (21ms)
	RebuildNativeTypeToScriptingClass (7ms)
	initialDomainReloadingComplete (33ms)
	LoadAllAssembliesAndSetupDomain (83ms)
		LoadAssemblies (66ms)
		RebuildTransferFunctionScriptingTraits (0ms)
		AnalyzeDomain (82ms)
			TypeCache.Refresh (81ms)
				TypeCache.ScanAssembly (73ms)
			ScanForSourceGeneratedMonoScriptInfo (0ms)
			ResolveRequiredComponents (0ms)
	FinalizeReload (164ms)
		ReleaseScriptCaches (0ms)
		RebuildScriptCaches (0ms)
		SetupLoadedEditorAssemblies (127ms)
			LogAssemblyErrors (0ms)
			InitializePlatformSupportModulesInManaged (5ms)
			SetLoadedEditorAssemblies (5ms)
			RefreshPlugins (0ms)
			BeforeProcessingInitializeOnLoad (1ms)
			ProcessInitializeOnLoadAttributes (81ms)
			ProcessInitializeOnLoadMethodAttributes (35ms)
			AfterProcessingInitializeOnLoad (0ms)
			EditorAssembliesLoaded (0ms)
		ExecutionOrderSort2 (0ms)
		AwakeInstancesAfterBackupRestoration (0ms)
========================================================================
Worker process is ready to serve import requests
Begin MonoManager ReloadAssembly
- Loaded All Assemblies, in  0.406 seconds
Refreshing native plugins compatible for Editor in 2.63 ms, found 4 plugins.
Native extension for WindowsStandalone target not found
Package Manager log level set to [2]
[Package Manager] Server::EnsureServerProcessIsRunning -- launch failed, reason: Unity was launched with the -noUpm command-line argument
[Package Manager] UpmClient::Send -- Unable to send message (not connected to UPM process).
[Package Manager] Cannot connect to Unity Package Manager local server
Mono: successfully reloaded assembly
- Finished resetting the current domain, in  0.361 seconds
Domain Reload Profiling: 766ms
	BeginReloadAssembly (100ms)
		ExecutionOrderSort (0ms)
		DisableScriptedObjects (3ms)
		BackupInstance (0ms)
		ReleaseScriptingObjects (0ms)
		CreateAndSetChildDomain (18ms)
	RebuildCommonClasses (20ms)
	RebuildNativeTypeToScriptingClass (7ms)
	initialDomainReloadingComplete (27ms)
	LoadAllAssembliesAndSetupDomain (251ms)
		LoadAssemblies (202ms)
		RebuildTransferFunctionScriptingTraits (0ms)
		AnalyzeDomain (105ms)
			TypeCache.Refresh (88ms)
				TypeCache.ScanAssembly (78ms)
			ScanForSourceGeneratedMonoScriptInfo (13ms)
			ResolveRequiredComponents (3ms)
	FinalizeReload (362ms)
		ReleaseScriptCaches (0ms)
		RebuildScriptCaches (0ms)
		SetupLoadedEditorAssemblies (265ms)
			LogAssemblyErrors (0ms)
			InitializePlatformSupportModulesInManaged (3ms)
			SetLoadedEditorAssemblies (2ms)
			RefreshPlugins (0ms)
			BeforeProcessingInitializeOnLoad (43ms)
			ProcessInitializeOnLoadAttributes (191ms)
			ProcessInitializeOnLoadMethodAttributes (21ms)
			AfterProcessingInitializeOnLoad (3ms)
			EditorAssembliesLoaded (0ms)
		ExecutionOrderSort2 (0ms)
		AwakeInstancesAfterBackupRestoration (5ms)
Launched and connected shader compiler UnityShaderCompiler.exe after 0.03 seconds
Refreshing native plugins compatible for Editor in 2.27 ms, found 4 plugins.
Preloading 0 native plugins for Editor in 0.00 ms.
Unloading 4007 Unused Serialized files (Serialized files now loaded: 0)
Unloading 63 unused Assets / (60.4 KB). Loaded Objects now: 4469.
Memory consumption went from 136.9 MB to 136.9 MB.
Total: 4.465500 ms (FindLiveObjects: 0.273000 ms CreateObjectMapping: 0.193600 ms MarkObjects: 3.848500 ms  DeleteObjects: 0.148800 ms)

AssetImportParameters requested are different than current active one (requested -> active):
  custom:container-demuxer-ogg: 62fdf1f143b41e24485cea50d1cbac27 -> 
  custom:video-decoder-ogg-theora: a1e56fd34408186e4bbccfd4996cb3dc -> 
  custom:framework-win-MediaFoundation: 216162199b28c13a410421893ffa2e32 -> 
  custom:CustomObjectIndexerAttribute: 756ad292c208cfabdd7b50bc23989ffe -> 
  custom:container-demuxer-webm: 4f35f7cbe854078d1ac9338744f61a02 -> 
  custom:container-muxer-webm: aa71ff27fc2769a1b78a27578f13a17b -> 
  custom:video-decoder-webm-vp8: 9c59270c3fd7afecdb556c50c9e8de78 -> 
  custom:SearchIndexIgnoredProperties: e643bd26f0fe6173181afceb89e7c659 -> 
  custom:AudioImporter_EditorPlatform: d09bf68614088b80899f8185d706f6e7 -> 
  custom:video-encoder-webm-vp8: eb34c28f22e8b96e1ab97ce403110664 -> 
  custom:audio-decoder-ogg-vorbis: bf7c407c2cedff20999df2af8eb42d56 -> 
  custom:audio-encoder-webm-vorbis: bf7c407c2cedff20999df2af8eb42d56 -> 
========================================================================
Received Import Request.
  Time since last request: 7613.097964 seconds.
  path: Assets/02.Scripts/UIManager.cs
  artifactKey: Guid(36144636f7bd2f7419727b8bfb24738b) Importer(2089858483,0ecaa5967403d082aa24f35e1b516d23)
Start importing Assets/02.Scripts/UIManager.cs using Guid(36144636f7bd2f7419727b8bfb24738b) Importer(2089858483,0ecaa5967403d082aa24f35e1b516d23) Generated GUIDs only implemented for interfaces!
 -> (artifact id: 'c5af6562acb6f65506ed68d49dde9423') in 0.096538 seconds
Number of updated asset objects reloaded before import = 0
Number of asset objects unloaded after import = 1
========================================================================
Received Import Request.
  Time since last request: 63.241931 seconds.
  path: Assets/Pixel Adventure 1/Assets/Main Characters/Virtual Guy/Run (32x32).png
  artifactKey: Guid(552146dbb8bac6f449493bca4b69540f) Importer(2089858483,0ecaa5967403d082aa24f35e1b516d23)
Start importing Assets/Pixel Adventure 1/Assets/Main Characters/Virtual Guy/Run (32x32).png using Guid(552146dbb8bac6f449493bca4b69540f) Importer(2089858483,0ecaa5967403d082aa24f35e1b516d23) Generated GUIDs only implemented for interfaces!
 -> (artifact id: '90f37b5b0f52b3468730ee46c82b4a50') in 0.062899 seconds
Number of updated asset objects reloaded before import = 0
Number of asset objects unloaded after import = 14
========================================================================
Received Import Request.
  Time since last request: 0.000016 seconds.
  path: Assets/Pixel Adventure 1/Assets/Background/Gray.png
  artifactKey: Guid(ffc80c129c9aca14c9fb4dbeba0e10d2) Importer(2089858483,0ecaa5967403d082aa24f35e1b516d23)
Start importing Assets/Pixel Adventure 1/Assets/Background/Gray.png using Guid(ffc80c129c9aca14c9fb4dbeba0e10d2) Importer(2089858483,0ecaa5967403d082aa24f35e1b516d23) Generated GUIDs only implemented for interfaces!
 -> (artifact id: '2aafee747603906cf3b304da4384ac10') in 0.020449 seconds
Number of updated asset objects reloaded before import = 0
Number of asset objects unloaded after import = 3
========================================================================
Received Import Request.
  Time since last request: 0.000015 seconds.
  path: Assets/Pixel Adventure 1/Assets/Traps/Sand Mud Ice/Sand Particle.png
  artifactKey: Guid(4f9f5db3daca0a04fba33ee1f463fbed) Importer(2089858483,0ecaa5967403d082aa24f35e1b516d23)
Start importing Assets/Pixel Adventure 1/Assets/Traps/Sand Mud Ice/Sand Particle.png using Guid(4f9f5db3daca0a04fba33ee1f463fbed) Importer(2089858483,0ecaa5967403d082aa24f35e1b516d23) Generated GUIDs only implemented for interfaces!
 -> (artifact id: 'a9bfcaf9a04be053dfa55e022e2ec6f1') in 0.019607 seconds
Number of updated asset objects reloaded before import = 0
Number of asset objects unloaded after import = 3
========================================================================
Received Import Request.
  Time since last request: 0.000023 seconds.
  path: Assets/Pixel Adventure 1/Assets/Traps/Platforms
  artifactKey: Guid(1130458c4f2bec34b80fdf3fc00861b9) Importer(2089858483,0ecaa5967403d082aa24f35e1b516d23)
Start importing Assets/Pixel Adventure 1/Assets/Traps/Platforms using Guid(1130458c4f2bec34b80fdf3fc00861b9) Importer(2089858483,0ecaa5967403d082aa24f35e1b516d23) Generated GUIDs only implemented for interfaces!
 -> (artifact id: '8d757c4bbccc325b74135bfbdc796643') in 0.024921 seconds
Number of updated asset objects reloaded before import = 0
Number of asset objects unloaded after import = 1
========================================================================
Received Import Request.
  Time since last request: 0.000019 seconds.
  path: Assets/Pixel Adventure 1/Assets/Traps/Fan/On (24x8).png
  artifactKey: Guid(7c645aea6faf2564aa5917bd4ca765ea) Importer(2089858483,0ecaa5967403d082aa24f35e1b516d23)
Start importing Assets/Pixel Adventure 1/Assets/Traps/Fan/On (24x8).png using Guid(7c645aea6faf2564aa5917bd4ca765ea) Importer(2089858483,0ecaa5967403d082aa24f35e1b516d23) Generated GUIDs only implemented for interfaces!
 -> (artifact id: 'c73758eeec3b62ab330cfc79187ebd73') in 0.022496 seconds
Number of updated asset objects reloaded before import = 0
Number of asset objects unloaded after import = 6
========================================================================
Received Import Request.
  Time since last request: 0.000013 seconds.
  path: Assets/Pixel Adventure 1/Assets/Traps/Fan
  artifactKey: Guid(b34932b9bd7a4ec41943752049913e18) Importer(2089858483,0ecaa5967403d082aa24f35e1b516d23)
Start importing Assets/Pixel Adventure 1/Assets/Traps/Fan using Guid(b34932b9bd7a4ec41943752049913e18) Importer(2089858483,0ecaa5967403d082aa24f35e1b516d23) Generated GUIDs only implemented for interfaces!
 -> (artifact id: 'fe499a8674c7b09a4e9c0d0bffc4bc39') in 0.008737 seconds
Number of updated asset objects reloaded before import = 0
Number of asset objects unloaded after import = 1
========================================================================
Received Import Request.
  Time since last request: 0.000017 seconds.
  path: Assets/Pixel Adventure 1/Assets/Items/Checkpoints/Checkpoint/Checkpoint (Flag Idle)(64x64).png
  artifactKey: Guid(27a107940057e8743a507269b18a691a) Importer(2089858483,0ecaa5967403d082aa24f35e1b516d23)
Start importing Assets/Pixel Adventure 1/Assets/Items/Checkpoints/Checkpoint/Checkpoint (Flag Idle)(64x64).png using Guid(27a107940057e8743a507269b18a691a) Importer(2089858483,0ecaa5967403d082aa24f35e1b516d23) Generated GUIDs only implemented for interfaces!
 -> (artifact id: '15dd8ed750f42536610df2875832dfbe') in 0.033451 seconds
Number of updated asset objects reloaded before import = 0
Number of asset objects unloaded after import = 12
========================================================================
Received Import Request.
  Time since last request: 0.000015 seconds.
  path: Assets/Pixel Adventure 1/Assets/Main Characters/Desappearing (96x96).png
  artifactKey: Guid(99e1beacf34e67c42afd2d344aefcc3c) Importer(2089858483,0ecaa5967403d082aa24f35e1b516d23)
Start importing Assets/Pixel Adventure 1/Assets/Main Characters/Desappearing (96x96).png using Guid(99e1beacf34e67c42afd2d344aefcc3c) Importer(2089858483,0ecaa5967403d082aa24f35e1b516d23) Generated GUIDs only implemented for interfaces!
 -> (artifact id: '04d884a52906ba4100e31dbc323dad72') in 0.031820 seconds
Number of updated asset objects reloaded before import = 0
Number of asset objects unloaded after import = 9
========================================================================
Received Import Request.
  Time since last request: 0.000024 seconds.
  path: Assets/Pixel Adventure 1/Assets/Main Characters/Virtual Guy/Hit (32x32).png
  artifactKey: Guid(0b4768f2ab470f44ca33fa59836a0774) Importer(2089858483,0ecaa5967403d082aa24f35e1b516d23)
Start importing Assets/Pixel Adventure 1/Assets/Main Characters/Virtual Guy/Hit (32x32).png using Guid(0b4768f2ab470f44ca33fa59836a0774) Importer(2089858483,0ecaa5967403d082aa24f35e1b516d23) Generated GUIDs only implemented for interfaces!
 -> (artifact id: 'ec3f935278de8e889ca3ada85199ab92') in 0.032185 seconds
Number of updated asset objects reloaded before import = 0
Number of asset objects unloaded after import = 9
========================================================================
Received Import Request.
  Time since last request: 0.000013 seconds.
  path: Assets/Pixel Adventure 1/Assets/Traps/Trampoline/Jump (28x28).png
  artifactKey: Guid(5f67602c85a27a847aed4d15b8e0339e) Importer(2089858483,0ecaa5967403d082aa24f35e1b516d23)
Start importing Assets/Pixel Adventure 1/Assets/Traps/Trampoline/Jump (28x28).png using Guid(5f67602c85a27a847aed4d15b8e0339e) Importer(2089858483,0ecaa5967403d082aa24f35e1b516d23) Generated GUIDs only implemented for interfaces!
 -> (artifact id: 'c10b55043d132be31f19e55b415f18fd') in 0.033572 seconds
Number of updated asset objects reloaded before import = 0
Number of asset objects unloaded after import = 10
========================================================================
Received Import Request.
  Time since last request: 0.000017 seconds.
  path: Assets/Pixel Adventure 1/Assets/Traps/Rock Head
  artifactKey: Guid(5ae4a3941208f9346aeae44961e929f3) Importer(2089858483,0ecaa5967403d082aa24f35e1b516d23)
Start importing Assets/Pixel Adventure 1/Assets/Traps/Rock Head using Guid(5ae4a3941208f9346aeae44961e929f3) Importer(2089858483,0ecaa5967403d082aa24f35e1b516d23) Generated GUIDs only implemented for interfaces!
 -> (artifact id: 'f8dfb63ff14f96dde62923e826d13c2c') in 0.009989 seconds
Number of updated asset objects reloaded before import = 0
Number of asset objects unloaded after import = 1
========================================================================
Received Import Request.
  Time since last request: 0.000015 seconds.
  path: Assets/Pixel Adventure 1/Assets/Main Characters/Ninja Frog/Idle (32x32).png
  artifactKey: Guid(cd947491a13509945aa1b644f9db3ef2) Importer(2089858483,0ecaa5967403d082aa24f35e1b516d23)
Start importing Assets/Pixel Adventure 1/Assets/Main Characters/Ninja Frog/Idle (32x32).png using Guid(cd947491a13509945aa1b644f9db3ef2) Importer(2089858483,0ecaa5967403d082aa24f35e1b516d23) Generated GUIDs only implemented for interfaces!
 -> (artifact id: '7d685790d097f25d4e762d6f9265440a') in 0.028710 seconds
Number of updated asset objects reloaded before import = 0
Number of asset objects unloaded after import = 13
========================================================================
Received Import Request.
  Time since last request: 0.000016 seconds.
  path: Assets/Pixel Adventure 1/Assets/Traps/Spike Head
  artifactKey: Guid(38d30b0f0a1730a44904666db2cb7cb3) Importer(2089858483,0ecaa5967403d082aa24f35e1b516d23)
Start importing Assets/Pixel Adventure 1/Assets/Traps/Spike Head using Guid(38d30b0f0a1730a44904666db2cb7cb3) Importer(2089858483,0ecaa5967403d082aa24f35e1b516d23) Generated GUIDs only implemented for interfaces!
 -> (artifact id: '2be4b09ee1e117f8509867a6b8182b24') in 0.008384 seconds
Number of updated asset objects reloaded before import = 0
Number of asset objects unloaded after import = 1
========================================================================
Received Import Request.
  Time since last request: 0.000024 seconds.
  path: Assets/Pixel Adventure 1/Assets/Items/Fruits/Cherries.png
  artifactKey: Guid(3d6be91968cb95546ac95aeff5e52f84) Importer(2089858483,0ecaa5967403d082aa24f35e1b516d23)
Start importing Assets/Pixel Adventure 1/Assets/Items/Fruits/Cherries.png using Guid(3d6be91968cb95546ac95aeff5e52f84) Importer(2089858483,0ecaa5967403d082aa24f35e1b516d23) Generated GUIDs only implemented for interfaces!
 -> (artifact id: '5fa5ea6af4185ebc816c2e5adce58f95') in 0.045279 seconds
Number of updated asset objects reloaded before import = 0
Number of asset objects unloaded after import = 19
========================================================================
Received Import Request.
  Time since last request: 0.000017 seconds.
  path: Assets/Pixel Adventure 1/Assets/Traps/Blocks/Idle.png
  artifactKey: Guid(8d9b0e740a31fbf448f91aaf8ea38ff8) Importer(2089858483,0ecaa5967403d082aa24f35e1b516d23)
Start importing Assets/Pixel Adventure 1/Assets/Traps/Blocks/Idle.png using Guid(8d9b0e740a31fbf448f91aaf8ea38ff8) Importer(2089858483,0ecaa5967403d082aa24f35e1b516d23) Generated GUIDs only implemented for interfaces!
 -> (artifact id: '55bcc56bb95e0086435ac9940be8f224') in 0.020374 seconds
Number of updated asset objects reloaded before import = 0
Number of asset objects unloaded after import = 3
========================================================================
Received Import Request.
  Time since last request: 0.000012 seconds.
  path: Assets/Pixel Adventure 1/Assets/Traps/Blocks
  artifactKey: Guid(99d663dda9c80fd4b815007575a75050) Importer(2089858483,0ecaa5967403d082aa24f35e1b516d23)
Start importing Assets/Pixel Adventure 1/Assets/Traps/Blocks using Guid(99d663dda9c80fd4b815007575a75050) Importer(2089858483,0ecaa5967403d082aa24f35e1b516d23) Generated GUIDs only implemented for interfaces!
 -> (artifact id: 'e79c073aad9c873850c67ced7525ceb6') in 0.007965 seconds
Number of updated asset objects reloaded before import = 0
Number of asset objects unloaded after import = 1
========================================================================
Received Import Request.
  Time since last request: 0.000018 seconds.
  path: Assets/Pixel Adventure 1/Assets/Traps/Falling Platforms/On (32x10).png
  artifactKey: Guid(a8be9d80391091641bb9404b3f4dd067) Importer(2089858483,0ecaa5967403d082aa24f35e1b516d23)
Start importing Assets/Pixel Adventure 1/Assets/Traps/Falling Platforms/On (32x10).png using Guid(a8be9d80391091641bb9404b3f4dd067) Importer(2089858483,0ecaa5967403d082aa24f35e1b516d23) Generated GUIDs only implemented for interfaces!
 -> (artifact id: 'ae577256a29c9345d561294c50a990c8') in 0.023370 seconds
Number of updated asset objects reloaded before import = 0
Number of asset objects unloaded after import = 6
========================================================================
Received Import Request.
  Time since last request: 0.000014 seconds.
  path: Assets/Pixel Adventure 1/Assets/Items/Boxes/Box1/Break (28x24).png
  artifactKey: Guid(79022f0c1a1c5ce42bcba2ca880ef7fe) Importer(2089858483,0ecaa5967403d082aa24f35e1b516d23)
Start importing Assets/Pixel Adventure 1/Assets/Items/Boxes/Box1/Break (28x24).png using Guid(79022f0c1a1c5ce42bcba2ca880ef7fe) Importer(2089858483,0ecaa5967403d082aa24f35e1b516d23) Generated GUIDs only implemented for interfaces!
 -> (artifact id: '38bfcdd4bfd0f5e5f25eed3e648184b0') in 0.024897 seconds
Number of updated asset objects reloaded before import = 0
Number of asset objects unloaded after import = 6
========================================================================
Received Import Request.
  Time since last request: 0.000013 seconds.
  path: Assets/Pixel Adventure 1/Assets/Terrain/Terrain (16x16) 1.png
  artifactKey: Guid(413986c4a668c374d8de72a47621b531) Importer(2089858483,0ecaa5967403d082aa24f35e1b516d23)
Start importing Assets/Pixel Adventure 1/Assets/Terrain/Terrain (16x16) 1.png using Guid(413986c4a668c374d8de72a47621b531) Importer(2089858483,0ecaa5967403d082aa24f35e1b516d23) Generated GUIDs only implemented for interfaces!
 -> (artifact id: 'dded17210eaaca321ac8e95bf4858286') in 0.019888 seconds
Number of updated asset objects reloaded before import = 0
Number of asset objects unloaded after import = 3
========================================================================
Received Import Request.
  Time since last request: 0.000014 seconds.
  path: Assets/Pixel Adventure 1/Assets/Items/Checkpoints/Checkpoint/Checkpoint (No Flag).png
  artifactKey: Guid(68f54e5fc0fa326458d3e18bdccce704) Importer(2089858483,0ecaa5967403d082aa24f35e1b516d23)
Start importing Assets/Pixel Adventure 1/Assets/Items/Checkpoints/Checkpoint/Checkpoint (No Flag).png using Guid(68f54e5fc0fa326458d3e18bdccce704) Importer(2089858483,0ecaa5967403d082aa24f35e1b516d23) Generated GUIDs only implemented for interfaces!
 -> (artifact id: '5b5a267d74fd1195ce3951e00b7059f0') in 0.029975 seconds
Number of updated asset objects reloaded before import = 0
Number of asset objects unloaded after import = 3
========================================================================
Received Import Request.
  Time since last request: 0.000014 seconds.
  path: Assets/Pixel Adventure 1/Assets/Items/Checkpoints/End
  artifactKey: Guid(6992f1c59d329a545aafe0c44bb73a41) Importer(2089858483,0ecaa5967403d082aa24f35e1b516d23)
Start importing Assets/Pixel Adventure 1/Assets/Items/Checkpoints/End using Guid(6992f1c59d329a545aafe0c44bb73a41) Importer(2089858483,0ecaa5967403d082aa24f35e1b516d23) Generated GUIDs only implemented for interfaces!
 -> (artifact id: 'f05b7183f5e74570c3787d0f54d5b037') in 0.021036 seconds
Number of updated asset objects reloaded before import = 0
Number of asset objects unloaded after import = 1
========================================================================
Received Import Request.
  Time since last request: 0.000016 seconds.
  path: Assets/Pixel Adventure 1/Assets/Traps/Platforms/Chain.png
  artifactKey: Guid(d9c5a449db91d51488798b761c22fb97) Importer(2089858483,0ecaa5967403d082aa24f35e1b516d23)
Start importing Assets/Pixel Adventure 1/Assets/Traps/Platforms/Chain.png using Guid(d9c5a449db91d51488798b761c22fb97) Importer(2089858483,0ecaa5967403d082aa24f35e1b516d23) Generated GUIDs only implemented for interfaces!
 -> (artifact id: '64d6391906ff80b1f25503f5cd201101') in 0.021995 seconds
Number of updated asset objects reloaded before import = 0
Number of asset objects unloaded after import = 3
========================================================================
Received Import Request.
  Time since last request: 0.000019 seconds.
  path: Assets/Pixel Adventure 1/Assets/Background/Pink.png
  artifactKey: Guid(348c3b734b11d3b4aa5c69e25b7113e6) Importer(2089858483,0ecaa5967403d082aa24f35e1b516d23)
Start importing Assets/Pixel Adventure 1/Assets/Background/Pink.png using Guid(348c3b734b11d3b4aa5c69e25b7113e6) Importer(2089858483,0ecaa5967403d082aa24f35e1b516d23) Generated GUIDs only implemented for interfaces!
 -> (artifact id: '10075e84abb58ffbc74f57e2e4fe8682') in 0.022761 seconds
Number of updated asset objects reloaded before import = 0
Number of asset objects unloaded after import = 3
========================================================================
Received Import Request.
  Time since last request: 0.000022 seconds.
  path: Assets/Pixel Adventure 1/Assets/Other/Confetti (16x16).png
  artifactKey: Guid(84e73c5fcbc3d324a9bebf3715abc565) Importer(2089858483,0ecaa5967403d082aa24f35e1b516d23)
Start importing Assets/Pixel Adventure 1/Assets/Other/Confetti (16x16).png using Guid(84e73c5fcbc3d324a9bebf3715abc565) Importer(2089858483,0ecaa5967403d082aa24f35e1b516d23) Generated GUIDs only implemented for interfaces!
 -> (artifact id: '57a168e1d4d4a6bb6da3ed547e14a7dc') in 0.024381 seconds
Number of updated asset objects reloaded before import = 0
Number of asset objects unloaded after import = 8
========================================================================
Received Import Request.
  Time since last request: 0.000014 seconds.
  path: Assets/Pixel Adventure 1/Assets/Main Characters/Pink Man/Idle (32x32).png
  artifactKey: Guid(d348dff3819df794186a80cb95777629) Importer(2089858483,0ecaa5967403d082aa24f35e1b516d23)
Start importing Assets/Pixel Adventure 1/Assets/Main Characters/Pink Man/Idle (32x32).png using Guid(d348dff3819df794186a80cb95777629) Importer(2089858483,0ecaa5967403d082aa24f35e1b516d23) Generated GUIDs only implemented for interfaces!
 -> (artifact id: 'b91ccd89d1ada24d083f4d6dd8e6f4cd') in 0.031390 seconds
Number of updated asset objects reloaded before import = 0
Number of asset objects unloaded after import = 13
========================================================================
Received Import Request.
  Time since last request: 0.000014 seconds.
  path: Assets/Pixel Adventure 1/Scenes
  artifactKey: Guid(dbc7f956d9ee8744ba00759404b21d27) Importer(2089858483,0ecaa5967403d082aa24f35e1b516d23)
Start importing Assets/Pixel Adventure 1/Scenes using Guid(dbc7f956d9ee8744ba00759404b21d27) Importer(2089858483,0ecaa5967403d082aa24f35e1b516d23) Generated GUIDs only implemented for interfaces!
 -> (artifact id: 'd8ed03c9829d6ea95b14a1819fc9e90b') in 0.016498 seconds
Number of updated asset objects reloaded before import = 0
Number of asset objects unloaded after import = 1
========================================================================
Received Import Request.
  Time since last request: 0.000011 seconds.
  path: Assets/Pixel Adventure 1/Assets/Items/Boxes/Box2/Idle.png
  artifactKey: Guid(f7472d29deaa7414abffd38318319096) Importer(2089858483,0ecaa5967403d082aa24f35e1b516d23)
Start importing Assets/Pixel Adventure 1/Assets/Items/Boxes/Box2/Idle.png using Guid(f7472d29deaa7414abffd38318319096) Importer(2089858483,0ecaa5967403d082aa24f35e1b516d23) Generated GUIDs only implemented for interfaces!
 -> (artifact id: 'ea00b63f66170a753c83329aced172c2') in 0.017162 seconds
Number of updated asset objects reloaded before import = 0
Number of asset objects unloaded after import = 3
========================================================================
Received Import Request.
  Time since last request: 0.000014 seconds.
  path: Assets/Pixel Adventure 1/Assets/Traps/Spike Head/Blink (54x52).png
  artifactKey: Guid(6ed38972fd0f4024c91aca33394d3cdd) Importer(2089858483,0ecaa5967403d082aa24f35e1b516d23)
Start importing Assets/Pixel Adventure 1/Assets/Traps/Spike Head/Blink (54x52).png using Guid(6ed38972fd0f4024c91aca33394d3cdd) Importer(2089858483,0ecaa5967403d082aa24f35e1b516d23) Generated GUIDs only implemented for interfaces!
 -> (artifact id: '419fe0b85ae439f9d3e20c6b8c2ab6f5') in 0.038726 seconds
Number of updated asset objects reloaded before import = 0
Number of asset objects unloaded after import = 6
========================================================================
Received Import Request.
  Time since last request: 0.000016 seconds.
  path: Assets/Pixel Adventure 1/Assets/Main Characters/Appearing (96x96).png
  artifactKey: Guid(3421078018dc3934a8c1ab3b7bf89aa0) Importer(2089858483,0ecaa5967403d082aa24f35e1b516d23)
Start importing Assets/Pixel Adventure 1/Assets/Main Characters/Appearing (96x96).png using Guid(3421078018dc3934a8c1ab3b7bf89aa0) Importer(2089858483,0ecaa5967403d082aa24f35e1b516d23) Generated GUIDs only implemented for interfaces!
 -> (artifact id: '88fec311aa047ac9790172595e4426be') in 0.027940 seconds
Number of updated asset objects reloaded before import = 0
Number of asset objects unloaded after import = 9
========================================================================
Received Import Request.
  Time since last request: 0.000014 seconds.
  path: Assets/Pixel Adventure 1/Assets/Main Characters/Virtual Guy/Fall (32x32).png
  artifactKey: Guid(5c8b2ada1a819a54e8c051165c738f18) Importer(2089858483,0ecaa5967403d082aa24f35e1b516d23)
Start importing Assets/Pixel Adventure 1/Assets/Main Characters/Virtual Guy/Fall (32x32).png using Guid(5c8b2ada1a819a54e8c051165c738f18) Importer(2089858483,0ecaa5967403d082aa24f35e1b516d23) Generated GUIDs only implemented for interfaces!
 -> (artifact id: 'e6234175f81d0aacf15149418400f906') in 0.021511 seconds
Number of updated asset objects reloaded before import = 0
Number of asset objects unloaded after import = 3
========================================================================
Received Import Request.
  Time since last request: 0.000017 seconds.
  path: Assets/Pixel Adventure 1/Assets/Traps/Spikes
  artifactKey: Guid(1fd2c68c21079b748906c3da01195e68) Importer(2089858483,0ecaa5967403d082aa24f35e1b516d23)
Start importing Assets/Pixel Adventure 1/Assets/Traps/Spikes using Guid(1fd2c68c21079b748906c3da01195e68) Importer(2089858483,0ecaa5967403d082aa24f35e1b516d23) Generated GUIDs only implemented for interfaces!
 -> (artifact id: 'f7f824eced40e2873645f4a1a28f2172') in 0.015104 seconds
Number of updated asset objects reloaded before import = 0
Number of asset objects unloaded after import = 1
========================================================================
Received Import Request.
  Time since last request: 0.000015 seconds.
  path: Assets/Pixel Adventure 1/Assets/Main Characters/Mask Dude/Run (32x32).png
  artifactKey: Guid(97d5ce53f3ac76e4888319c6a53c7ff3) Importer(2089858483,0ecaa5967403d082aa24f35e1b516d23)
Start importing Assets/Pixel Adventure 1/Assets/Main Characters/Mask Dude/Run (32x32).png using Guid(97d5ce53f3ac76e4888319c6a53c7ff3) Importer(2089858483,0ecaa5967403d082aa24f35e1b516d23) Generated GUIDs only implemented for interfaces!
 -> (artifact id: 'ed027e4af600174075c791720d366a38') in 0.033455 seconds
Number of updated asset objects reloaded before import = 0
Number of asset objects unloaded after import = 14
========================================================================
Received Import Request.
  Time since last request: 0.000016 seconds.
  path: Assets/Pixel Adventure 1/Assets/Main Characters/Pink Man/Jump (32x32).png
  artifactKey: Guid(edbf2f282f3feb940b6238d4d339ada4) Importer(2089858483,0ecaa5967403d082aa24f35e1b516d23)
Start importing Assets/Pixel Adventure 1/Assets/Main Characters/Pink Man/Jump (32x32).png using Guid(edbf2f282f3feb940b6238d4d339ada4) Importer(2089858483,0ecaa5967403d082aa24f35e1b516d23) Generated GUIDs only implemented for interfaces!
 -> (artifact id: 'a5521ca640a229371ed81dbd1eb5be3f') in 0.016996 seconds
Number of updated asset objects reloaded before import = 0
Number of asset objects unloaded after import = 3
========================================================================
Received Import Request.
  Time since last request: 0.000021 seconds.
  path: Assets/Pixel Adventure 1/Assets/Main Characters/Pink Man/Fall (32x32).png
  artifactKey: Guid(1a6feec238b9a99499082bb755fa32df) Importer(2089858483,0ecaa5967403d082aa24f35e1b516d23)
Start importing Assets/Pixel Adventure 1/Assets/Main Characters/Pink Man/Fall (32x32).png using Guid(1a6feec238b9a99499082bb755fa32df) Importer(2089858483,0ecaa5967403d082aa24f35e1b516d23) Generated GUIDs only implemented for interfaces!
 -> (artifact id: '716406a6e6743dae5cc8279141a1db34') in 0.016910 seconds
Number of updated asset objects reloaded before import = 0
Number of asset objects unloaded after import = 3
========================================================================
Received Import Request.
  Time since last request: 0.000013 seconds.
  path: Assets/Pixel Adventure 1/Scenes/Demo.unity
  artifactKey: Guid(2cda990e2423bbf4892e6590ba056729) Importer(2089858483,0ecaa5967403d082aa24f35e1b516d23)
Start importing Assets/Pixel Adventure 1/Scenes/Demo.unity using Guid(2cda990e2423bbf4892e6590ba056729) Importer(2089858483,0ecaa5967403d082aa24f35e1b516d23) Generated GUIDs only implemented for interfaces!
 -> (artifact id: '8701f1ab7371bd1cb32515ebe7dd4f93') in 0.007256 seconds
Number of updated asset objects reloaded before import = 0
Number of asset objects unloaded after import = 1
========================================================================
Received Import Request.
  Time since last request: 0.000010 seconds.
  path: Assets/Pixel Adventure 1/Assets/Traps
  artifactKey: Guid(031922c10d5cf6441a097003bc1e0c72) Importer(2089858483,0ecaa5967403d082aa24f35e1b516d23)
Start importing Assets/Pixel Adventure 1/Assets/Traps using Guid(031922c10d5cf6441a097003bc1e0c72) Importer(2089858483,0ecaa5967403d082aa24f35e1b516d23) Generated GUIDs only implemented for interfaces!
 -> (artifact id: '934ed8541a2428a0dcb9f130f72bb8e1') in 0.013452 seconds
Number of updated asset objects reloaded before import = 0
Number of asset objects unloaded after import = 1
========================================================================
Received Import Request.
  Time since last request: 0.000019 seconds.
  path: Assets/Pixel Adventure 1/Assets/Background/Green.png
  artifactKey: Guid(2538710101d0f1f4e8976b3495cd1f75) Importer(2089858483,0ecaa5967403d082aa24f35e1b516d23)
Start importing Assets/Pixel Adventure 1/Assets/Background/Green.png using Guid(2538710101d0f1f4e8976b3495cd1f75) Importer(2089858483,0ecaa5967403d082aa24f35e1b516d23) Generated GUIDs only implemented for interfaces!
 -> (artifact id: '6e8c8188ece21d4168548a2d628d4e28') in 0.018880 seconds
Number of updated asset objects reloaded before import = 0
Number of asset objects unloaded after import = 3
========================================================================
Received Import Request.
  Time since last request: 0.000015 seconds.
  path: Assets/Pixel Adventure 1/Assets/Traps/Arrow/Idle (18x18).png
  artifactKey: Guid(f42176bbc0b84b54e83c161abc6eb071) Importer(2089858483,0ecaa5967403d082aa24f35e1b516d23)
Start importing Assets/Pixel Adventure 1/Assets/Traps/Arrow/Idle (18x18).png using Guid(f42176bbc0b84b54e83c161abc6eb071) Importer(2089858483,0ecaa5967403d082aa24f35e1b516d23) Generated GUIDs only implemented for interfaces!
 -> (artifact id: '82a6fa0ce341d4986ee6e7408667adc0') in 0.027211 seconds
Number of updated asset objects reloaded before import = 0
Number of asset objects unloaded after import = 12
========================================================================
Received Import Request.
  Time since last request: 0.000014 seconds.
  path: Assets/Pixel Adventure 1/Assets/Traps/Fire/On (16x32).png
  artifactKey: Guid(3c112a44cc7dc7a468f4d132c2e7611c) Importer(2089858483,0ecaa5967403d082aa24f35e1b516d23)
Start importing Assets/Pixel Adventure 1/Assets/Traps/Fire/On (16x32).png using Guid(3c112a44cc7dc7a468f4d132c2e7611c) Importer(2089858483,0ecaa5967403d082aa24f35e1b516d23) Generated GUIDs only implemented for interfaces!
 -> (artifact id: '9c572f5aa49f04d1dbf86080eebd4c23') in 0.033017 seconds
Number of updated asset objects reloaded before import = 0
Number of asset objects unloaded after import = 5
========================================================================
Received Import Request.
  Time since last request: 0.000011 seconds.
  path: Assets/Pixel Adventure 1/Assets/Traps/Fire
  artifactKey: Guid(7d7dd00dcc064364db17baea898f60ed) Importer(2089858483,0ecaa5967403d082aa24f35e1b516d23)
Start importing Assets/Pixel Adventure 1/Assets/Traps/Fire using Guid(7d7dd00dcc064364db17baea898f60ed) Importer(2089858483,0ecaa5967403d082aa24f35e1b516d23) Generated GUIDs only implemented for interfaces!
 -> (artifact id: '685eacc20b2b55222cd8dd81f72ae670') in 0.025035 seconds
Number of updated asset objects reloaded before import = 0
Number of asset objects unloaded after import = 1
========================================================================
Received Import Request.
  Time since last request: 0.000014 seconds.
  path: Assets/Pixel Adventure 1/Assets/Items/Fruits/Collected.png
  artifactKey: Guid(be1a5bd13766ec048bab6f4c578baa0f) Importer(2089858483,0ecaa5967403d082aa24f35e1b516d23)
Start importing Assets/Pixel Adventure 1/Assets/Items/Fruits/Collected.png using Guid(be1a5bd13766ec048bab6f4c578baa0f) Importer(2089858483,0ecaa5967403d082aa24f35e1b516d23) Generated GUIDs only implemented for interfaces!
 -> (artifact id: '7633c577d44dfe74e04ee125f6742d60') in 0.033628 seconds
Number of updated asset objects reloaded before import = 0
Number of asset objects unloaded after import = 8
========================================================================
Received Import Request.
  Time since last request: 0.000015 seconds.
  path: Assets/Pixel Adventure 1/Assets/Items/Checkpoints/End/End (Idle).png
  artifactKey: Guid(4668f08864533f24b9b5980d5cc57089) Importer(2089858483,0ecaa5967403d082aa24f35e1b516d23)
Start importing Assets/Pixel Adventure 1/Assets/Items/Checkpoints/End/End (Idle).png using Guid(4668f08864533f24b9b5980d5cc57089) Importer(2089858483,0ecaa5967403d082aa24f35e1b516d23) Generated GUIDs only implemented for interfaces!
 -> (artifact id: '121c27728cdb7433ea87b3e07c9c7cf1') in 0.034537 seconds
Number of updated asset objects reloaded before import = 0
Number of asset objects unloaded after import = 3
========================================================================
Received Import Request.
  Time since last request: 12.954933 seconds.
  path: Assets/07.Asset/Pixel Adventure 1/Assets/Main Characters/Mask Dude
  artifactKey: Guid(40248927e767fcc40acdf26796daffc0) Importer(2089858483,0ecaa5967403d082aa24f35e1b516d23)
Start importing Assets/07.Asset/Pixel Adventure 1/Assets/Main Characters/Mask Dude using Guid(40248927e767fcc40acdf26796daffc0) Importer(2089858483,0ecaa5967403d082aa24f35e1b516d23) Generated GUIDs only implemented for interfaces!
 -> (artifact id: 'af26583f8566cc11190c1b71c7f1928f') in 0.007365 seconds
Number of updated asset objects reloaded before import = 0
Number of asset objects unloaded after import = 1
========================================================================
Received Import Request.
  Time since last request: 0.000016 seconds.
  path: Assets/07.Asset/Pixel Adventure 1/Assets/Traps/Rock Head/Left Hit (42x42).png
  artifactKey: Guid(bb8f35504d0d42343b3cdb04faaa9d15) Importer(2089858483,0ecaa5967403d082aa24f35e1b516d23)
Start importing Assets/07.Asset/Pixel Adventure 1/Assets/Traps/Rock Head/Left Hit (42x42).png using Guid(bb8f35504d0d42343b3cdb04faaa9d15) Importer(2089858483,0ecaa5967403d082aa24f35e1b516d23) Generated GUIDs only implemented for interfaces!
 -> (artifact id: 'fa3e0ee8373a05639aa2c33849760652') in 0.023513 seconds
Number of updated asset objects reloaded before import = 0
Number of asset objects unloaded after import = 6
========================================================================
Received Import Request.
  Time since last request: 0.000013 seconds.
  path: Assets/07.Asset/Pixel Adventure 1/Assets/Traps/Arrow
  artifactKey: Guid(7234a5d23dcf2f041ade075d25722adf) Importer(2089858483,0ecaa5967403d082aa24f35e1b516d23)
Start importing Assets/07.Asset/Pixel Adventure 1/Assets/Traps/Arrow using Guid(7234a5d23dcf2f041ade075d25722adf) Importer(2089858483,0ecaa5967403d082aa24f35e1b516d23) Generated GUIDs only implemented for interfaces!
 -> (artifact id: 'a28c1562b314153c2084795c4c6d8427') in 0.007598 seconds
Number of updated asset objects reloaded before import = 0
Number of asset objects unloaded after import = 1
========================================================================
Received Import Request.
  Time since last request: 0.000012 seconds.
  path: Assets/07.Asset/Pixel Adventure 1/Assets/Traps/Sand Mud Ice/Sand Mud Ice (16x6) 1.png
  artifactKey: Guid(6efdcf6020a7a0d41b45257fc2593b74) Importer(2089858483,0ecaa5967403d082aa24f35e1b516d23)
Start importing Assets/07.Asset/Pixel Adventure 1/Assets/Traps/Sand Mud Ice/Sand Mud Ice (16x6) 1.png using Guid(6efdcf6020a7a0d41b45257fc2593b74) Importer(2089858483,0ecaa5967403d082aa24f35e1b516d23) Generated GUIDs only implemented for interfaces!
 -> (artifact id: '3809dba2160fce8a807e52bcebd190f8') in 0.039281 seconds
Number of updated asset objects reloaded before import = 0
Number of asset objects unloaded after import = 3
========================================================================
Received Import Request.
  Time since last request: 0.000021 seconds.
  path: Assets/07.Asset/Pixel Adventure 1/Assets/Main Characters/Mask Dude/Fall (32x32).png
  artifactKey: Guid(88794fc5febd16e40a94cacbf542b65b) Importer(2089858483,0ecaa5967403d082aa24f35e1b516d23)
Start importing Assets/07.Asset/Pixel Adventure 1/Assets/Main Characters/Mask Dude/Fall (32x32).png using Guid(88794fc5febd16e40a94cacbf542b65b) Importer(2089858483,0ecaa5967403d082aa24f35e1b516d23) Generated GUIDs only implemented for interfaces!
 -> (artifact id: '814f8de74300ae26fd50d2336b33de7f') in 0.018892 seconds
Number of updated asset objects reloaded before import = 0
Number of asset objects unloaded after import = 3
========================================================================
Received Import Request.
  Time since last request: 0.000014 seconds.
  path: Assets/07.Asset/Pixel Adventure 1/Assets/Traps/Arrow/Hit (18x18).png
  artifactKey: Guid(fc834c17a763e0141b0fec5d598e279b) Importer(2089858483,0ecaa5967403d082aa24f35e1b516d23)
Start importing Assets/07.Asset/Pixel Adventure 1/Assets/Traps/Arrow/Hit (18x18).png using Guid(fc834c17a763e0141b0fec5d598e279b) Importer(2089858483,0ecaa5967403d082aa24f35e1b516d23) Generated GUIDs only implemented for interfaces!
 -> (artifact id: '45a269c2ad665c4da6ffc49c9abb93b5') in 0.031913 seconds
Number of updated asset objects reloaded before import = 0
Number of asset objects unloaded after import = 6
========================================================================
Received Import Request.
  Time since last request: 0.000012 seconds.
  path: Assets/07.Asset/Pixel Adventure 1/Assets/Main Characters/Pink Man
  artifactKey: Guid(42afdc0a1bbe6314b8aa6b3431e802ee) Importer(2089858483,0ecaa5967403d082aa24f35e1b516d23)
Start importing Assets/07.Asset/Pixel Adventure 1/Assets/Main Characters/Pink Man using Guid(42afdc0a1bbe6314b8aa6b3431e802ee) Importer(2089858483,0ecaa5967403d082aa24f35e1b516d23) Generated GUIDs only implemented for interfaces!
 -> (artifact id: '0b3d22d3b17a95843802103aa49edc22') in 0.008887 seconds
Number of updated asset objects reloaded before import = 0
Number of asset objects unloaded after import = 1
========================================================================
Received Import Request.
  Time since last request: 0.000064 seconds.
  path: Assets/07.Asset/Pixel Adventure 1/Assets/Traps/Sand Mud Ice/Ice Particle.png
  artifactKey: Guid(48b959756f0ed25489c149ed932257c2) Importer(2089858483,0ecaa5967403d082aa24f35e1b516d23)
Start importing Assets/07.Asset/Pixel Adventure 1/Assets/Traps/Sand Mud Ice/Ice Particle.png using Guid(48b959756f0ed25489c149ed932257c2) Importer(2089858483,0ecaa5967403d082aa24f35e1b516d23) Generated GUIDs only implemented for interfaces!
 -> (artifact id: 'd5116d8eb2ac8f53bbe573bf10a8b47f') in 0.027838 seconds
Number of updated asset objects reloaded before import = 0
Number of asset objects unloaded after import = 3
========================================================================
Received Import Request.
  Time since last request: 0.000014 seconds.
  path: Assets/07.Asset/Pixel Adventure 1/Assets/Items/Fruits/Orange.png
  artifactKey: Guid(ffc9f271fad56c243a45f100b9dc6778) Importer(2089858483,0ecaa5967403d082aa24f35e1b516d23)
Start importing Assets/07.Asset/Pixel Adventure 1/Assets/Items/Fruits/Orange.png using Guid(ffc9f271fad56c243a45f100b9dc6778) Importer(2089858483,0ecaa5967403d082aa24f35e1b516d23) Generated GUIDs only implemented for interfaces!
 -> (artifact id: '84aea3cab1b5007519d0d2cb3be5bd68') in 0.036817 seconds
Number of updated asset objects reloaded before import = 0
Number of asset objects unloaded after import = 19
========================================================================
Received Import Request.
  Time since last request: 0.000018 seconds.
  path: Assets/07.Asset/Pixel Adventure 1/Scenes
  artifactKey: Guid(dbc7f956d9ee8744ba00759404b21d27) Importer(2089858483,0ecaa5967403d082aa24f35e1b516d23)
Start importing Assets/07.Asset/Pixel Adventure 1/Scenes using Guid(dbc7f956d9ee8744ba00759404b21d27) Importer(2089858483,0ecaa5967403d082aa24f35e1b516d23) Generated GUIDs only implemented for interfaces!
 -> (artifact id: '8efe8649d40a74c39fce71187263832b') in 0.008495 seconds
Number of updated asset objects reloaded before import = 0
Number of asset objects unloaded after import = 1
========================================================================
Received Import Request.
  Time since last request: 0.000020 seconds.
  path: Assets/07.Asset/Pixel Adventure 1/Assets/Traps/Rock Head/Top Hit (42x42).png
  artifactKey: Guid(cbc3de93d8c073148bfa4e9b375fe7f7) Importer(2089858483,0ecaa5967403d082aa24f35e1b516d23)
Start importing Assets/07.Asset/Pixel Adventure 1/Assets/Traps/Rock Head/Top Hit (42x42).png using Guid(cbc3de93d8c073148bfa4e9b375fe7f7) Importer(2089858483,0ecaa5967403d082aa24f35e1b516d23) Generated GUIDs only implemented for interfaces!
 -> (artifact id: '83274d65d874f3440931df3d8bd76da1') in 0.026983 seconds
Number of updated asset objects reloaded before import = 0
Number of asset objects unloaded after import = 6
========================================================================
Received Import Request.
  Time since last request: 0.000012 seconds.
  path: Assets/07.Asset/Pixel Adventure 1/Assets/Traps/Blocks
  artifactKey: Guid(99d663dda9c80fd4b815007575a75050) Importer(2089858483,0ecaa5967403d082aa24f35e1b516d23)
Start importing Assets/07.Asset/Pixel Adventure 1/Assets/Traps/Blocks using Guid(99d663dda9c80fd4b815007575a75050) Importer(2089858483,0ecaa5967403d082aa24f35e1b516d23) Generated GUIDs only implemented for interfaces!
 -> (artifact id: '4beb02572ece8d1bf71d5f2c3d803d0c') in 0.008405 seconds
Number of updated asset objects reloaded before import = 0
Number of asset objects unloaded after import = 1
========================================================================
Received Import Request.
  Time since last request: 0.000012 seconds.
  path: Assets/07.Asset/Pixel Adventure 1/Assets/Traps/Falling Platforms/On (32x10).png
  artifactKey: Guid(a8be9d80391091641bb9404b3f4dd067) Importer(2089858483,0ecaa5967403d082aa24f35e1b516d23)
Start importing Assets/07.Asset/Pixel Adventure 1/Assets/Traps/Falling Platforms/On (32x10).png using Guid(a8be9d80391091641bb9404b3f4dd067) Importer(2089858483,0ecaa5967403d082aa24f35e1b516d23) Generated GUIDs only implemented for interfaces!
 -> (artifact id: 'ed272dbca07b76b5aa2fee5b47444516') in 0.034332 seconds
Number of updated asset objects reloaded before import = 0
Number of asset objects unloaded after import = 6
========================================================================
Received Import Request.
  Time since last request: 0.000012 seconds.
  path: Assets/07.Asset/Pixel Adventure 1/Assets/Items/Boxes/Box3/Break (28x24).png
  artifactKey: Guid(32cc0ed12a4ceea46a9c541b632a008f) Importer(2089858483,0ecaa5967403d082aa24f35e1b516d23)
Start importing Assets/07.Asset/Pixel Adventure 1/Assets/Items/Boxes/Box3/Break (28x24).png using Guid(32cc0ed12a4ceea46a9c541b632a008f) Importer(2089858483,0ecaa5967403d082aa24f35e1b516d23) Generated GUIDs only implemented for interfaces!
 -> (artifact id: '05813535f07eafe33d00eb21fc07101f') in 0.024875 seconds
Number of updated asset objects reloaded before import = 0
Number of asset objects unloaded after import = 6
========================================================================
Received Import Request.
  Time since last request: 0.000014 seconds.
  path: Assets/07.Asset/Pixel Adventure 1/Assets/Traps/Fire/Hit (16x32).png
  artifactKey: Guid(573c22279c1eb734696548dfba41d021) Importer(2089858483,0ecaa5967403d082aa24f35e1b516d23)
Start importing Assets/07.Asset/Pixel Adventure 1/Assets/Traps/Fire/Hit (16x32).png using Guid(573c22279c1eb734696548dfba41d021) Importer(2089858483,0ecaa5967403d082aa24f35e1b516d23) Generated GUIDs only implemented for interfaces!
 -> (artifact id: '7c573eacfcd50d61cf77e3ee564b06cd') in 0.032131 seconds
Number of updated asset objects reloaded before import = 0
Number of asset objects unloaded after import = 6
========================================================================
Received Import Request.
  Time since last request: 0.000011 seconds.
  path: Assets/07.Asset/Pixel Adventure 1/Assets/Main Characters/Pink Man/Wall Jump (32x32).png
  artifactKey: Guid(603abb83490921841976d0f1b2045f23) Importer(2089858483,0ecaa5967403d082aa24f35e1b516d23)
Start importing Assets/07.Asset/Pixel Adventure 1/Assets/Main Characters/Pink Man/Wall Jump (32x32).png using Guid(603abb83490921841976d0f1b2045f23) Importer(2089858483,0ecaa5967403d082aa24f35e1b516d23) Generated GUIDs only implemented for interfaces!
 -> (artifact id: '9f8a5752a37cde1cb5ce9d0741ead20b') in 0.023177 seconds
Number of updated asset objects reloaded before import = 0
Number of asset objects unloaded after import = 7
========================================================================
Received Import Request.
  Time since last request: 0.000013 seconds.
  path: Assets/07.Asset/Pixel Adventure 1/Assets/Items/Boxes/Box3/Idle.png
  artifactKey: Guid(bcb85d05bbdb8a2468fe865da75a2795) Importer(2089858483,0ecaa5967403d082aa24f35e1b516d23)
Start importing Assets/07.Asset/Pixel Adventure 1/Assets/Items/Boxes/Box3/Idle.png using Guid(bcb85d05bbdb8a2468fe865da75a2795) Importer(2089858483,0ecaa5967403d082aa24f35e1b516d23) Generated GUIDs only implemented for interfaces!
 -> (artifact id: '38e51827e729e33f56e53482311b5d31') in 0.019176 seconds
Number of updated asset objects reloaded before import = 0
Number of asset objects unloaded after import = 3
========================================================================
Received Import Request.
  Time since last request: 0.000013 seconds.
  path: Assets/07.Asset/Pixel Adventure 1/Assets/Background/Yellow.png
  artifactKey: Guid(4d8c75a4d7dd2a0489270e1058d82128) Importer(2089858483,0ecaa5967403d082aa24f35e1b516d23)
Start importing Assets/07.Asset/Pixel Adventure 1/Assets/Background/Yellow.png using Guid(4d8c75a4d7dd2a0489270e1058d82128) Importer(2089858483,0ecaa5967403d082aa24f35e1b516d23) Generated GUIDs only implemented for interfaces!
 -> (artifact id: 'be9bc9a9cbcd6e39a79f1b4a5924ca54') in 0.019710 seconds
Number of updated asset objects reloaded before import = 0
Number of asset objects unloaded after import = 3
========================================================================
Received Import Request.
  Time since last request: 0.000010 seconds.
  path: Assets/07.Asset/Pixel Adventure 1/Assets/Main Characters/Pink Man/Jump (32x32).png
  artifactKey: Guid(edbf2f282f3feb940b6238d4d339ada4) Importer(2089858483,0ecaa5967403d082aa24f35e1b516d23)
Start importing Assets/07.Asset/Pixel Adventure 1/Assets/Main Characters/Pink Man/Jump (32x32).png using Guid(edbf2f282f3feb940b6238d4d339ada4) Importer(2089858483,0ecaa5967403d082aa24f35e1b516d23) Generated GUIDs only implemented for interfaces!
 -> (artifact id: '64f035ac1a45a5fd301dda35af43938e') in 0.038654 seconds
Number of updated asset objects reloaded before import = 0
Number of asset objects unloaded after import = 3
========================================================================
Received Import Request.
  Time since last request: 0.000015 seconds.
  path: Assets/07.Asset/Pixel Adventure 1/Assets/Background/Green.png
  artifactKey: Guid(2538710101d0f1f4e8976b3495cd1f75) Importer(2089858483,0ecaa5967403d082aa24f35e1b516d23)
Start importing Assets/07.Asset/Pixel Adventure 1/Assets/Background/Green.png using Guid(2538710101d0f1f4e8976b3495cd1f75) Importer(2089858483,0ecaa5967403d082aa24f35e1b516d23) Generated GUIDs only implemented for interfaces!
 -> (artifact id: 'd7e6e85ee3c57aa36c3cfe1431541649') in 0.017498 seconds
Number of updated asset objects reloaded before import = 0
Number of asset objects unloaded after import = 3
========================================================================
Received Import Request.
  Time since last request: 0.000018 seconds.
  path: Assets/07.Asset/Pixel Adventure 1/Assets/Traps/Sand Mud Ice
  artifactKey: Guid(75e0826b9fadc904c8550e01b58406c3) Importer(2089858483,0ecaa5967403d082aa24f35e1b516d23)
Start importing Assets/07.Asset/Pixel Adventure 1/Assets/Traps/Sand Mud Ice using Guid(75e0826b9fadc904c8550e01b58406c3) Importer(2089858483,0ecaa5967403d082aa24f35e1b516d23) Generated GUIDs only implemented for interfaces!
 -> (artifact id: '04d03bfc11ed8bc1976abc647a730277') in 0.021473 seconds
Number of updated asset objects reloaded before import = 0
Number of asset objects unloaded after import = 1
========================================================================
Received Import Request.
  Time since last request: 0.000011 seconds.
  path: Assets/07.Asset/Pixel Adventure 1/Assets/Traps/Saw/Chain.png
  artifactKey: Guid(c67ce4f5bcebc8943a10698b6614f86f) Importer(2089858483,0ecaa5967403d082aa24f35e1b516d23)
Start importing Assets/07.Asset/Pixel Adventure 1/Assets/Traps/Saw/Chain.png using Guid(c67ce4f5bcebc8943a10698b6614f86f) Importer(2089858483,0ecaa5967403d082aa24f35e1b516d23) Generated GUIDs only implemented for interfaces!
 -> (artifact id: '05f27c4e616c3f176a373b3c115ce4e5') in 0.027518 seconds
Number of updated asset objects reloaded before import = 0
Number of asset objects unloaded after import = 3
========================================================================
Received Import Request.
  Time since last request: 0.000015 seconds.
  path: Assets/07.Asset/Pixel Adventure 1/Assets/Traps/Saw/On (38x38).png
  artifactKey: Guid(c016f0eb0a188a14ab7f86d910097523) Importer(2089858483,0ecaa5967403d082aa24f35e1b516d23)
Start importing Assets/07.Asset/Pixel Adventure 1/Assets/Traps/Saw/On (38x38).png using Guid(c016f0eb0a188a14ab7f86d910097523) Importer(2089858483,0ecaa5967403d082aa24f35e1b516d23) Generated GUIDs only implemented for interfaces!
 -> (artifact id: '79e86d14603f91d16075151588cedfe6') in 0.032170 seconds
Number of updated asset objects reloaded before import = 0
Number of asset objects unloaded after import = 10
========================================================================
Received Import Request.
  Time since last request: 0.000012 seconds.
  path: Assets/07.Asset/Pixel Adventure 1/Assets/Traps/Sand Mud Ice/Mud Particle.png
  artifactKey: Guid(54d83c3d1e256b340a5d5f928746a5e5) Importer(2089858483,0ecaa5967403d082aa24f35e1b516d23)
Start importing Assets/07.Asset/Pixel Adventure 1/Assets/Traps/Sand Mud Ice/Mud Particle.png using Guid(54d83c3d1e256b340a5d5f928746a5e5) Importer(2089858483,0ecaa5967403d082aa24f35e1b516d23) Generated GUIDs only implemented for interfaces!
 -> (artifact id: '448f2202a5da50d97c6edb6e4bda4da4') in 0.026453 seconds
Number of updated asset objects reloaded before import = 0
Number of asset objects unloaded after import = 3
========================================================================
Received Import Request.
  Time since last request: 0.000010 seconds.
  path: Assets/07.Asset/Pixel Adventure 1/Assets/Traps/Trampoline/Jump (28x28).png
  artifactKey: Guid(5f67602c85a27a847aed4d15b8e0339e) Importer(2089858483,0ecaa5967403d082aa24f35e1b516d23)
Start importing Assets/07.Asset/Pixel Adventure 1/Assets/Traps/Trampoline/Jump (28x28).png using Guid(5f67602c85a27a847aed4d15b8e0339e) Importer(2089858483,0ecaa5967403d082aa24f35e1b516d23) Generated GUIDs only implemented for interfaces!
 -> (artifact id: 'ad20b6c776bff9a25b9b59678aa03fef') in 0.023886 seconds
Number of updated asset objects reloaded before import = 0
Number of asset objects unloaded after import = 10
========================================================================
Received Import Request.
  Time since last request: 0.000013 seconds.
  path: Assets/07.Asset/Pixel Adventure 1/Assets/Traps/Blocks/Part 2 (22x22).png
  artifactKey: Guid(445c6df91e50ef74eb2589883bcc07d1) Importer(2089858483,0ecaa5967403d082aa24f35e1b516d23)
Start importing Assets/07.Asset/Pixel Adventure 1/Assets/Traps/Blocks/Part 2 (22x22).png using Guid(445c6df91e50ef74eb2589883bcc07d1) Importer(2089858483,0ecaa5967403d082aa24f35e1b516d23) Generated GUIDs only implemented for interfaces!
 -> (artifact id: '7112a86dcd3cf97f288cae956745956c') in 0.020564 seconds
Number of updated asset objects reloaded before import = 0
Number of asset objects unloaded after import = 5
========================================================================
Received Import Request.
  Time since last request: 0.000013 seconds.
  path: Assets/07.Asset/Pixel Adventure 1/Assets/Main Characters/Pink Man/Double Jump (32x32).png
  artifactKey: Guid(5fd9f3ec1e3e0bc4d8e308e10012a36a) Importer(2089858483,0ecaa5967403d082aa24f35e1b516d23)
Start importing Assets/07.Asset/Pixel Adventure 1/Assets/Main Characters/Pink Man/Double Jump (32x32).png using Guid(5fd9f3ec1e3e0bc4d8e308e10012a36a) Importer(2089858483,0ecaa5967403d082aa24f35e1b516d23) Generated GUIDs only implemented for interfaces!
 -> (artifact id: '1ffebf3875c7be7b155689981db692d1') in 0.031563 seconds
Number of updated asset objects reloaded before import = 0
Number of asset objects unloaded after import = 8
========================================================================
Received Import Request.
  Time since last request: 0.000011 seconds.
  path: Assets/07.Asset/Pixel Adventure 1/Assets/Main Characters/Virtual Guy/Run (32x32).png
  artifactKey: Guid(552146dbb8bac6f449493bca4b69540f) Importer(2089858483,0ecaa5967403d082aa24f35e1b516d23)
Start importing Assets/07.Asset/Pixel Adventure 1/Assets/Main Characters/Virtual Guy/Run (32x32).png using Guid(552146dbb8bac6f449493bca4b69540f) Importer(2089858483,0ecaa5967403d082aa24f35e1b516d23) Generated GUIDs only implemented for interfaces!
 -> (artifact id: 'a91300b591e0f7e4bfe0fec6e87b42cd') in 0.030905 seconds
Number of updated asset objects reloaded before import = 0
Number of asset objects unloaded after import = 14
========================================================================
Received Import Request.
  Time since last request: 0.000019 seconds.
  path: Assets/07.Asset/Pixel Adventure 1/Assets/Items/Checkpoints/Start/Start (Idle).png
  artifactKey: Guid(3016a57ecc98e9e46b7a110ddd486ee9) Importer(2089858483,0ecaa5967403d082aa24f35e1b516d23)
Start importing Assets/07.Asset/Pixel Adventure 1/Assets/Items/Checkpoints/Start/Start (Idle).png using Guid(3016a57ecc98e9e46b7a110ddd486ee9) Importer(2089858483,0ecaa5967403d082aa24f35e1b516d23) Generated GUIDs only implemented for interfaces!
 -> (artifact id: 'a5777dca6fbd24e2eb214b3ea0b2e6b6') in 0.027683 seconds
Number of updated asset objects reloaded before import = 0
Number of asset objects unloaded after import = 3
========================================================================
Received Import Request.
  Time since last request: 0.000019 seconds.
  path: Assets/07.Asset/Pixel Adventure 1/Assets/Main Characters/Virtual Guy/Fall (32x32).png
  artifactKey: Guid(5c8b2ada1a819a54e8c051165c738f18) Importer(2089858483,0ecaa5967403d082aa24f35e1b516d23)
Start importing Assets/07.Asset/Pixel Adventure 1/Assets/Main Characters/Virtual Guy/Fall (32x32).png using Guid(5c8b2ada1a819a54e8c051165c738f18) Importer(2089858483,0ecaa5967403d082aa24f35e1b516d23) Generated GUIDs only implemented for interfaces!
 -> (artifact id: '374720ae565bd5f3213917f5e6bd1759') in 0.019008 seconds
Number of updated asset objects reloaded before import = 0
Number of asset objects unloaded after import = 3
========================================================================
Received Import Request.
  Time since last request: 0.000012 seconds.
  path: Assets/07.Asset/Pixel Adventure 1/Scenes/Demo.unity
  artifactKey: Guid(2cda990e2423bbf4892e6590ba056729) Importer(2089858483,0ecaa5967403d082aa24f35e1b516d23)
Start importing Assets/07.Asset/Pixel Adventure 1/Scenes/Demo.unity using Guid(2cda990e2423bbf4892e6590ba056729) Importer(2089858483,0ecaa5967403d082aa24f35e1b516d23) Generated GUIDs only implemented for interfaces!
 -> (artifact id: '9bb16e63e6442e90bc28d17e464115a8') in 0.008859 seconds
Number of updated asset objects reloaded before import = 0
Number of asset objects unloaded after import = 1
========================================================================
Received Import Request.
  Time since last request: 0.000012 seconds.
  path: Assets/07.Asset/Pixel Adventure 1/Assets/Items/Fruits/Bananas.png
  artifactKey: Guid(b1f24b3bc2e2f1d4b858657ad5c115a0) Importer(2089858483,0ecaa5967403d082aa24f35e1b516d23)
Start importing Assets/07.Asset/Pixel Adventure 1/Assets/Items/Fruits/Bananas.png using Guid(b1f24b3bc2e2f1d4b858657ad5c115a0) Importer(2089858483,0ecaa5967403d082aa24f35e1b516d23) Generated GUIDs only implemented for interfaces!
 -> (artifact id: 'aa4576c8e318b9fd0ca1bedee545bff6') in 0.046071 seconds
Number of updated asset objects reloaded before import = 0
Number of asset objects unloaded after import = 19
========================================================================
Received Import Request.
  Time since last request: 0.000013 seconds.
  path: Assets/07.Asset/Pixel Adventure 1/Assets/Items/Checkpoints/End/End (Idle).png
  artifactKey: Guid(4668f08864533f24b9b5980d5cc57089) Importer(2089858483,0ecaa5967403d082aa24f35e1b516d23)
Start importing Assets/07.Asset/Pixel Adventure 1/Assets/Items/Checkpoints/End/End (Idle).png using Guid(4668f08864533f24b9b5980d5cc57089) Importer(2089858483,0ecaa5967403d082aa24f35e1b516d23) Generated GUIDs only implemented for interfaces!
 -> (artifact id: 'cf5a00f31d6a6923f76768c9617196ea') in 0.024338 seconds
Number of updated asset objects reloaded before import = 0
Number of asset objects unloaded after import = 3
========================================================================
Received Import Request.
  Time since last request: 2.482901 seconds.
  path: Assets/07.Asset/Pixel Adventure 1/Assets/Background/Green.png
  artifactKey: Guid(2538710101d0f1f4e8976b3495cd1f75) Importer(815301076,1909f56bfc062723c751e8b465ee728b)
Start importing Assets/07.Asset/Pixel Adventure 1/Assets/Background/Green.png using Guid(2538710101d0f1f4e8976b3495cd1f75) Importer(815301076,1909f56bfc062723c751e8b465ee728b)  -> (artifact id: 'a9bc9fdad85e1c4926cd63cac00bc0ee') in 0.068619 seconds
Number of updated asset objects reloaded before import = 0
Number of asset objects unloaded after import = 3
========================================================================
Received Import Request.
  Time since last request: 0.000017 seconds.
  path: Assets/07.Asset/Pixel Adventure 1/Assets/Background/Purple.png
  artifactKey: Guid(248611cc7bb8d85448933cee393ce41e) Importer(815301076,1909f56bfc062723c751e8b465ee728b)
Start importing Assets/07.Asset/Pixel Adventure 1/Assets/Background/Purple.png using Guid(248611cc7bb8d85448933cee393ce41e) Importer(815301076,1909f56bfc062723c751e8b465ee728b)  -> (artifact id: '85f0988e13000a1aa3550a13abd02544') in 0.014911 seconds
Number of updated asset objects reloaded before import = 0
Number of asset objects unloaded after import = 3
========================================================================
Received Import Request.
  Time since last request: 4.010505 seconds.
  path: Assets/04.Sprites/Green.png
  artifactKey: Guid(b982e2958eb9f9a4da62355983e9b261) Importer(815301076,1909f56bfc062723c751e8b465ee728b)
Start importing Assets/04.Sprites/Green.png using Guid(b982e2958eb9f9a4da62355983e9b261) Importer(815301076,1909f56bfc062723c751e8b465ee728b)  -> (artifact id: 'f0051f37d197a3e4bb15bcd52badacba') in 0.011303 seconds
Number of updated asset objects reloaded before import = 0
Number of asset objects unloaded after import = 3
========================================================================
Received Import Request.
  Time since last request: 0.966789 seconds.
  path: Assets/04.Sprites/Green.png
  artifactKey: Guid(b982e2958eb9f9a4da62355983e9b261) Importer(2089858483,0ecaa5967403d082aa24f35e1b516d23)
Start importing Assets/04.Sprites/Green.png using Guid(b982e2958eb9f9a4da62355983e9b261) Importer(2089858483,0ecaa5967403d082aa24f35e1b516d23) Generated GUIDs only implemented for interfaces!
 -> (artifact id: '0159b6d370a479e71bed3cebb04b3282') in 0.016754 seconds
Number of updated asset objects reloaded before import = 0
Number of asset objects unloaded after import = 3
========================================================================
Received Import Request.
  Time since last request: 0.000022 seconds.
  path: Assets/04.Sprites/Purple.png
  artifactKey: Guid(c2e2588961133af48bee24bff6c8f029) Importer(2089858483,0ecaa5967403d082aa24f35e1b516d23)
Start importing Assets/04.Sprites/Purple.png using Guid(c2e2588961133af48bee24bff6c8f029) Importer(2089858483,0ecaa5967403d082aa24f35e1b516d23) Generated GUIDs only implemented for interfaces!
 -> (artifact id: '5eeea7b94156577567b873f103438d91') in 0.018277 seconds
Number of updated asset objects reloaded before import = 0
Number of asset objects unloaded after import = 3
========================================================================
Received Import Request.
  Time since last request: 4.625831 seconds.
  path: Assets/07.Asset/Pixel Adventure 1/Assets/Items/Fruits/Collected.png
  artifactKey: Guid(be1a5bd13766ec048bab6f4c578baa0f) Importer(815301076,1909f56bfc062723c751e8b465ee728b)
Start importing Assets/07.Asset/Pixel Adventure 1/Assets/Items/Fruits/Collected.png using Guid(be1a5bd13766ec048bab6f4c578baa0f) Importer(815301076,1909f56bfc062723c751e8b465ee728b)  -> (artifact id: '9060d2e475caeeb79edd5fc72555a3c3') in 0.113073 seconds
Number of updated asset objects reloaded before import = 0
Number of asset objects unloaded after import = 8
========================================================================
Received Import Request.
  Time since last request: 0.000012 seconds.
  path: Assets/07.Asset/Pixel Adventure 1/Assets/Items/Fruits/Orange.png
  artifactKey: Guid(ffc9f271fad56c243a45f100b9dc6778) Importer(815301076,1909f56bfc062723c751e8b465ee728b)
Start importing Assets/07.Asset/Pixel Adventure 1/Assets/Items/Fruits/Orange.png using Guid(ffc9f271fad56c243a45f100b9dc6778) Importer(815301076,1909f56bfc062723c751e8b465ee728b)  -> (artifact id: '1591e4a631f9628ea41c0589fc9c5242') in 0.181576 seconds
Number of updated asset objects reloaded before import = 0
Number of asset objects unloaded after import = 19
========================================================================
Received Import Request.
  Time since last request: 10.781253 seconds.
  path: Assets/07.Asset/Pixel Adventure 1/Assets/Other/Transition.png
  artifactKey: Guid(af34cad9a50a94c42b0907fd58d6f99c) Importer(815301076,1909f56bfc062723c751e8b465ee728b)
Start importing Assets/07.Asset/Pixel Adventure 1/Assets/Other/Transition.png using Guid(af34cad9a50a94c42b0907fd58d6f99c) Importer(815301076,1909f56bfc062723c751e8b465ee728b)  -> (artifact id: '00e26ce47ee6d2bc1bfb83df60e5401b') in 0.043582 seconds
Number of updated asset objects reloaded before import = 0
Number of asset objects unloaded after import = 3
========================================================================
Received Import Request.
  Time since last request: 4.292910 seconds.
  path: Assets/07.Asset/Pixel Adventure 1/Assets/Main Characters/Mask Dude/Idle (32x32).png
  artifactKey: Guid(3750f45c844123341b9a777a96cb1eca) Importer(815301076,1909f56bfc062723c751e8b465ee728b)
Start importing Assets/07.Asset/Pixel Adventure 1/Assets/Main Characters/Mask Dude/Idle (32x32).png using Guid(3750f45c844123341b9a777a96cb1eca) Importer(815301076,1909f56bfc062723c751e8b465ee728b)  -> (artifact id: 'aec506bbf8c7310a78d4802d70b39daf') in 0.181260 seconds
Number of updated asset objects reloaded before import = 0
Number of asset objects unloaded after import = 13
========================================================================
Received Import Request.
  Time since last request: 1.899313 seconds.
  path: Assets/07.Asset/Pixel Adventure 1/Assets/Main Characters/Ninja Frog/Idle (32x32).png
  artifactKey: Guid(cd947491a13509945aa1b644f9db3ef2) Importer(815301076,1909f56bfc062723c751e8b465ee728b)
Start importing Assets/07.Asset/Pixel Adventure 1/Assets/Main Characters/Ninja Frog/Idle (32x32).png using Guid(cd947491a13509945aa1b644f9db3ef2) Importer(815301076,1909f56bfc062723c751e8b465ee728b)  -> (artifact id: 'cebd03745339de4a180db84faf97befd') in 0.064602 seconds
Number of updated asset objects reloaded before import = 0
Number of asset objects unloaded after import = 13
========================================================================
Received Import Request.
  Time since last request: 1.759405 seconds.
  path: Assets/07.Asset/Pixel Adventure 1/Assets/Main Characters/Pink Man/Idle (32x32).png
  artifactKey: Guid(d348dff3819df794186a80cb95777629) Importer(815301076,1909f56bfc062723c751e8b465ee728b)
Start importing Assets/07.Asset/Pixel Adventure 1/Assets/Main Characters/Pink Man/Idle (32x32).png using Guid(d348dff3819df794186a80cb95777629) Importer(815301076,1909f56bfc062723c751e8b465ee728b)  -> (artifact id: 'be0529416770b900c36c5cb4f1087428') in 0.030443 seconds
Number of updated asset objects reloaded before import = 0
Number of asset objects unloaded after import = 13
========================================================================
Received Import Request.
  Time since last request: 2.404448 seconds.
  path: Assets/07.Asset/Pixel Adventure 1/Assets/Main Characters/Virtual Guy/Idle (32x32).png
  artifactKey: Guid(40de9a8703e2e5a47882b0b86451c741) Importer(815301076,1909f56bfc062723c751e8b465ee728b)
Start importing Assets/07.Asset/Pixel Adventure 1/Assets/Main Characters/Virtual Guy/Idle (32x32).png using Guid(40de9a8703e2e5a47882b0b86451c741) Importer(815301076,1909f56bfc062723c751e8b465ee728b)  -> (artifact id: 'de99deae0b1ef8d76b8a6b068b7ece9d') in 0.053588 seconds
Number of updated asset objects reloaded before import = 0
Number of asset objects unloaded after import = 13
========================================================================
Received Import Request.
  Time since last request: 6.525711 seconds.
  path: Assets/04.Sprites/Idle (32x32).png
  artifactKey: Guid(9f7c02c313b7974449259784a972efe4) Importer(815301076,1909f56bfc062723c751e8b465ee728b)
Start importing Assets/04.Sprites/Idle (32x32).png using Guid(9f7c02c313b7974449259784a972efe4) Importer(815301076,1909f56bfc062723c751e8b465ee728b)  -> (artifact id: '8ed569078d70e8954b582ca1170526fd') in 0.073385 seconds
Number of updated asset objects reloaded before import = 0
Number of asset objects unloaded after import = 13
========================================================================
Received Import Request.
  Time since last request: 0.917493 seconds.
  path: Assets/04.Sprites/Idle (32x32).png
  artifactKey: Guid(9f7c02c313b7974449259784a972efe4) Importer(2089858483,0ecaa5967403d082aa24f35e1b516d23)
Start importing Assets/04.Sprites/Idle (32x32).png using Guid(9f7c02c313b7974449259784a972efe4) Importer(2089858483,0ecaa5967403d082aa24f35e1b516d23) Generated GUIDs only implemented for interfaces!
 -> (artifact id: 'efbed06d90fa75fd0f5ea9777aee1f1f') in 0.034291 seconds
Number of updated asset objects reloaded before import = 0
Number of asset objects unloaded after import = 13
========================================================================
Received Import Request.
  Time since last request: 31.770254 seconds.
  path: Assets/07.Asset/Pixel Adventure 1/Assets/Traps/Platforms/Grey Off.png
  artifactKey: Guid(19602dbd991e72f4c8df688afa341f3d) Importer(815301076,1909f56bfc062723c751e8b465ee728b)
Start importing Assets/07.Asset/Pixel Adventure 1/Assets/Traps/Platforms/Grey Off.png using Guid(19602dbd991e72f4c8df688afa341f3d) Importer(815301076,1909f56bfc062723c751e8b465ee728b)  -> (artifact id: '60bd995fa65970789da11eb3450d1e72') in 0.038273 seconds
Number of updated asset objects reloaded before import = 0
Number of asset objects unloaded after import = 3
========================================================================
Received Import Request.
  Time since last request: 37.884126 seconds.
  path: Assets/04.Sprites/ /Gray.png
  artifactKey: Guid(d756e105d3a66a64dad2dd04510e1ed7) Importer(2089858483,0ecaa5967403d082aa24f35e1b516d23)
Start importing Assets/04.Sprites/ /Gray.png using Guid(d756e105d3a66a64dad2dd04510e1ed7) Importer(2089858483,0ecaa5967403d082aa24f35e1b516d23) Generated GUIDs only implemented for interfaces!
 -> (artifact id: 'cbb78e3a2083fac374514ec0c0502dce') in 0.029249 seconds
Number of updated asset objects reloaded before import = 0
Number of asset objects unloaded after import = 3
========================================================================
Received Import Request.
  Time since last request: 0.000013 seconds.
  path: Assets/04.Sprites/ /Green.png
  artifactKey: Guid(b982e2958eb9f9a4da62355983e9b261) Importer(2089858483,0ecaa5967403d082aa24f35e1b516d23)
Start importing Assets/04.Sprites/ /Green.png using Guid(b982e2958eb9f9a4da62355983e9b261) Importer(2089858483,0ecaa5967403d082aa24f35e1b516d23) Generated GUIDs only implemented for interfaces!
 -> (artifact id: '7b10ec5ff7ede4a2a582de740e5677f2') in 0.020572 seconds
Number of updated asset objects reloaded before import = 0
Number of asset objects unloaded after import = 3
========================================================================
Received Import Request.
  Time since last request: 34.845482 seconds.
  path: Assets/04.Sprites/ /Run (32x32).png
  artifactKey: Guid(60dc90994651a2649841a77553b7ff26) Importer(2089858483,0ecaa5967403d082aa24f35e1b516d23)
Start importing Assets/04.Sprites/ /Run (32x32).png using Guid(60dc90994651a2649841a77553b7ff26) Importer(2089858483,0ecaa5967403d082aa24f35e1b516d23) Generated GUIDs only implemented for interfaces!
 -> (artifact id: '822eef9ea38c16acc8fc07340dcf6469') in 0.040352 seconds
Number of updated asset objects reloaded before import = 0
Number of asset objects unloaded after import = 14
========================================================================
Received Import Request.
  Time since last request: 12.443139 seconds.
  path: Assets/04.Sprites/ /Green.png
  artifactKey: Guid(b982e2958eb9f9a4da62355983e9b261) Importer(815301076,1909f56bfc062723c751e8b465ee728b)
Start importing Assets/04.Sprites/ /Green.png using Guid(b982e2958eb9f9a4da62355983e9b261) Importer(815301076,1909f56bfc062723c751e8b465ee728b)  -> (artifact id: '8e7b123d932d08aca70a7f5732adafa2') in 0.024193 seconds
Number of updated asset objects reloaded before import = 0
Number of asset objects unloaded after import = 3
========================================================================
Received Import Request.
  Time since last request: 0.950148 seconds.
  path: Assets/04.Sprites/ /Green.png
  artifactKey: Guid(b982e2958eb9f9a4da62355983e9b261) Importer(2089858483,0ecaa5967403d082aa24f35e1b516d23)
Start importing Assets/04.Sprites/ /Green.png using Guid(b982e2958eb9f9a4da62355983e9b261) Importer(2089858483,0ecaa5967403d082aa24f35e1b516d23) Generated GUIDs only implemented for interfaces!
 -> (artifact id: '4897ee167010a7784b6eec40101421e8') in 0.016073 seconds
Number of updated asset objects reloaded before import = 0
Number of asset objects unloaded after import = 3
========================================================================
Received Import Request.
  Time since last request: 0.000017 seconds.
  path: Assets/04.Sprites/ /Pink.png
  artifactKey: Guid(d8c01880bad527a4f89cba0967a2a0f5) Importer(2089858483,0ecaa5967403d082aa24f35e1b516d23)
Start importing Assets/04.Sprites/ /Pink.png using Guid(d8c01880bad527a4f89cba0967a2a0f5) Importer(2089858483,0ecaa5967403d082aa24f35e1b516d23) Generated GUIDs only implemented for interfaces!
 -> (artifact id: '1d2c04517347cec6b76ac2219875fac3') in 0.023722 seconds
Number of updated asset objects reloaded before import = 0
Number of asset objects unloaded after import = 3
========================================================================
Received Import Request.
  Time since last request: 10.263561 seconds.
  path: Assets/04.Sprites/ /Idle (32x32).png
  artifactKey: Guid(9f7c02c313b7974449259784a972efe4) Importer(815301076,1909f56bfc062723c751e8b465ee728b)
Start importing Assets/04.Sprites/ /Idle (32x32).png using Guid(9f7c02c313b7974449259784a972efe4) Importer(815301076,1909f56bfc062723c751e8b465ee728b)  -> (artifact id: '4b7760e47eb0175cbe878db116428625') in 0.027618 seconds
Number of updated asset objects reloaded before import = 0
Number of asset objects unloaded after import = 13
========================================================================
Received Import Request.
  Time since last request: 0.952249 seconds.
  path: Assets/04.Sprites/ /Jump (32x32).png
  artifactKey: Guid(14499235123d6aa42bf57e9a3c3a94ce) Importer(2089858483,0ecaa5967403d082aa24f35e1b516d23)
Start importing Assets/04.Sprites/ /Jump (32x32).png using Guid(14499235123d6aa42bf57e9a3c3a94ce) Importer(2089858483,0ecaa5967403d082aa24f35e1b516d23) Generated GUIDs only implemented for interfaces!
 -> (artifact id: '9f18d42457b83010047318866892afee') in 0.017884 seconds
Number of updated asset objects reloaded before import = 0
Number of asset objects unloaded after import = 3
========================================================================
Received Import Request.
  Time since last request: 0.000014 seconds.
  path: Assets/04.Sprites/ /Run (32x32).png
  artifactKey: Guid(60dc90994651a2649841a77553b7ff26) Importer(2089858483,0ecaa5967403d082aa24f35e1b516d23)
Start importing Assets/04.Sprites/ /Run (32x32).png using Guid(60dc90994651a2649841a77553b7ff26) Importer(2089858483,0ecaa5967403d082aa24f35e1b516d23) Generated GUIDs only implemented for interfaces!
 -> (artifact id: '4838200cbf857928a48ff45cb1360576') in 0.028455 seconds
Number of updated asset objects reloaded before import = 0
Number of asset objects unloaded after import = 14
