Using pre-set license
Built from '2022.3/staging' branch; Version is '2022.3.9f1 (ea401c316338) revision 15351836'; Using compiler version '192829333'; Build Type 'Release'
OS: 'Windows 11  (10.0.22000) 64bit Core' Language: 'ko' Physical Memory: 16139 MB
BatchMode: 1, IsHumanControllingUs: 0, StartBugReporterOnCrash: 0, Is64bit: 1, IsPro: 1

COMMAND LINE ARGUMENTS:
C:\Program Files\Unity\Hub\Editor\2022.3.9f1\Editor\Unity.exe
-adb2
-batchMode
-noUpm
-name
AssetImportWorker2
-projectPath
C:/Users/G418-31/Documents/GitHub/2023-2-GAMEJEM/sum i
-logFile
Logs/AssetImportWorker2.log
-srvPort
54020
Successfully changed project path to: C:/Users/G418-31/Documents/GitHub/2023-2-GAMEJEM/sum i
C:/Users/G418-31/Documents/GitHub/2023-2-GAMEJEM/sum i
[UnityMemory] Configuration Parameters - Can be set up in boot.config
    "memorysetup-bucket-allocator-granularity=16"
    "memorysetup-bucket-allocator-bucket-count=8"
    "memorysetup-bucket-allocator-block-size=33554432"
    "memorysetup-bucket-allocator-block-count=8"
    "memorysetup-main-allocator-block-size=16777216"
    "memorysetup-thread-allocator-block-size=16777216"
    "memorysetup-gfx-main-allocator-block-size=16777216"
    "memorysetup-gfx-thread-allocator-block-size=16777216"
    "memorysetup-cache-allocator-block-size=4194304"
    "memorysetup-typetree-allocator-block-size=2097152"
    "memorysetup-profiler-bucket-allocator-granularity=16"
    "memorysetup-profiler-bucket-allocator-bucket-count=8"
    "memorysetup-profiler-bucket-allocator-block-size=33554432"
    "memorysetup-profiler-bucket-allocator-block-count=8"
    "memorysetup-profiler-allocator-block-size=16777216"
    "memorysetup-profiler-editor-allocator-block-size=1048576"
    "memorysetup-temp-allocator-size-main=16777216"
    "memorysetup-job-temp-allocator-block-size=2097152"
    "memorysetup-job-temp-allocator-block-size-background=1048576"
    "memorysetup-job-temp-allocator-reduction-small-platforms=262144"
    "memorysetup-allocator-temp-initial-block-size-main=262144"
    "memorysetup-allocator-temp-initial-block-size-worker=262144"
    "memorysetup-temp-allocator-size-background-worker=32768"
    "memorysetup-temp-allocator-size-job-worker=262144"
    "memorysetup-temp-allocator-size-preload-manager=33554432"
    "memorysetup-temp-allocator-size-nav-mesh-worker=65536"
    "memorysetup-temp-allocator-size-audio-worker=65536"
    "memorysetup-temp-allocator-size-cloud-worker=32768"
    "memorysetup-temp-allocator-size-gi-baking-worker=262144"
    "memorysetup-temp-allocator-size-gfx=262144"
Player connection [16888] Host "[IP] 117.16.45.155 [Port] 0 [Flags] 2 [Guid] 3077955702 [EditorId] 3077955702 [Version] 1048832 [Id] WindowsEditor(7,DESKTOP-6GAIPHE) [Debug] 1 [PackageName] WindowsEditor [ProjectName] Editor" joined multi-casting on [225.0.0.222:54997]...

Player connection [16888] Host "[IP] 117.16.45.155 [Port] 0 [Flags] 2 [Guid] 3077955702 [EditorId] 3077955702 [Version] 1048832 [Id] WindowsEditor(7,DESKTOP-6GAIPHE) [Debug] 1 [PackageName] WindowsEditor [ProjectName] Editor" joined alternative multi-casting on [225.0.0.222:34997]...

[Physics::Module] Initialized MultithreadedJobDispatcher with 19 workers.
Refreshing native plugins compatible for Editor in 4.64 ms, found 4 plugins.
Preloading 0 native plugins for Editor in 0.00 ms.
Initialize engine version: 2022.3.9f1 (ea401c316338)
[Subsystems] Discovering subsystems at path C:/Program Files/Unity/Hub/Editor/2022.3.9f1/Editor/Data/Resources/UnitySubsystems
[Subsystems] Discovering subsystems at path C:/Users/G418-31/Documents/GitHub/2023-2-GAMEJEM/sum i/Assets
GfxDevice: creating device client; threaded=0; jobified=0
Direct3D:
    Version:  Direct3D 11.0 [level 11.1]
    Renderer: NVIDIA GeForce RTX 3060 Ti (ID=0x2489)
    Vendor:   NVIDIA
    VRAM:     8038 MB
    Driver:   31.0.15.3640
Initialize mono
Mono path[0] = 'C:/Program Files/Unity/Hub/Editor/2022.3.9f1/Editor/Data/Managed'
Mono path[1] = 'C:/Program Files/Unity/Hub/Editor/2022.3.9f1/Editor/Data/MonoBleedingEdge/lib/mono/unityjit-win32'
Mono config path = 'C:/Program Files/Unity/Hub/Editor/2022.3.9f1/Editor/Data/MonoBleedingEdge/etc'
Using monoOptions --debugger-agent=transport=dt_socket,embedding=1,server=y,suspend=n,address=127.0.0.1:56092
Begin MonoManager ReloadAssembly
Registering precompiled unity dll's ...
Register platform support module: C:/Program Files/Unity/Hub/Editor/2022.3.9f1/Editor/Data/PlaybackEngines/WindowsStandaloneSupport/UnityEditor.WindowsStandalone.Extensions.dll
Registered in 0.003054 seconds.
- Loaded All Assemblies, in  0.212 seconds
Native extension for WindowsStandalone target not found
Mono: successfully reloaded assembly
- Finished resetting the current domain, in  0.169 seconds
Domain Reload Profiling: 381ms
	BeginReloadAssembly (67ms)
		ExecutionOrderSort (0ms)
		DisableScriptedObjects (0ms)
		BackupInstance (0ms)
		ReleaseScriptingObjects (0ms)
		CreateAndSetChildDomain (0ms)
	RebuildCommonClasses (22ms)
	RebuildNativeTypeToScriptingClass (7ms)
	initialDomainReloadingComplete (32ms)
	LoadAllAssembliesAndSetupDomain (84ms)
		LoadAssemblies (66ms)
		RebuildTransferFunctionScriptingTraits (0ms)
		AnalyzeDomain (82ms)
			TypeCache.Refresh (81ms)
				TypeCache.ScanAssembly (73ms)
			ScanForSourceGeneratedMonoScriptInfo (0ms)
			ResolveRequiredComponents (0ms)
	FinalizeReload (169ms)
		ReleaseScriptCaches (0ms)
		RebuildScriptCaches (0ms)
		SetupLoadedEditorAssemblies (132ms)
			LogAssemblyErrors (0ms)
			InitializePlatformSupportModulesInManaged (5ms)
			SetLoadedEditorAssemblies (5ms)
			RefreshPlugins (0ms)
			BeforeProcessingInitializeOnLoad (1ms)
			ProcessInitializeOnLoadAttributes (84ms)
			ProcessInitializeOnLoadMethodAttributes (36ms)
			AfterProcessingInitializeOnLoad (0ms)
			EditorAssembliesLoaded (0ms)
		ExecutionOrderSort2 (0ms)
		AwakeInstancesAfterBackupRestoration (0ms)
========================================================================
Worker process is ready to serve import requests
Begin MonoManager ReloadAssembly
- Loaded All Assemblies, in  0.405 seconds
Refreshing native plugins compatible for Editor in 2.81 ms, found 4 plugins.
Native extension for WindowsStandalone target not found
Package Manager log level set to [2]
[Package Manager] Server::EnsureServerProcessIsRunning -- launch failed, reason: Unity was launched with the -noUpm command-line argument
[Package Manager] UpmClient::Send -- Unable to send message (not connected to UPM process).
[Package Manager] Cannot connect to Unity Package Manager local server
Mono: successfully reloaded assembly
- Finished resetting the current domain, in  0.373 seconds
Domain Reload Profiling: 777ms
	BeginReloadAssembly (97ms)
		ExecutionOrderSort (0ms)
		DisableScriptedObjects (3ms)
		BackupInstance (0ms)
		ReleaseScriptingObjects (0ms)
		CreateAndSetChildDomain (16ms)
	RebuildCommonClasses (20ms)
	RebuildNativeTypeToScriptingClass (7ms)
	initialDomainReloadingComplete (27ms)
	LoadAllAssembliesAndSetupDomain (253ms)
		LoadAssemblies (206ms)
		RebuildTransferFunctionScriptingTraits (0ms)
		AnalyzeDomain (104ms)
			TypeCache.Refresh (88ms)
				TypeCache.ScanAssembly (78ms)
			ScanForSourceGeneratedMonoScriptInfo (13ms)
			ResolveRequiredComponents (2ms)
	FinalizeReload (373ms)
		ReleaseScriptCaches (0ms)
		RebuildScriptCaches (0ms)
		SetupLoadedEditorAssemblies (263ms)
			LogAssemblyErrors (0ms)
			InitializePlatformSupportModulesInManaged (3ms)
			SetLoadedEditorAssemblies (2ms)
			RefreshPlugins (0ms)
			BeforeProcessingInitializeOnLoad (43ms)
			ProcessInitializeOnLoadAttributes (190ms)
			ProcessInitializeOnLoadMethodAttributes (21ms)
			AfterProcessingInitializeOnLoad (3ms)
			EditorAssembliesLoaded (0ms)
		ExecutionOrderSort2 (0ms)
		AwakeInstancesAfterBackupRestoration (6ms)
Launched and connected shader compiler UnityShaderCompiler.exe after 0.03 seconds
Refreshing native plugins compatible for Editor in 2.96 ms, found 4 plugins.
Preloading 0 native plugins for Editor in 0.00 ms.
Unloading 4007 Unused Serialized files (Serialized files now loaded: 0)
Unloading 63 unused Assets / (60.5 KB). Loaded Objects now: 4469.
Memory consumption went from 136.9 MB to 136.9 MB.
Total: 2.837800 ms (FindLiveObjects: 0.274600 ms CreateObjectMapping: 0.194300 ms MarkObjects: 2.265900 ms  DeleteObjects: 0.101700 ms)

AssetImportParameters requested are different than current active one (requested -> active):
  custom:container-demuxer-ogg: 62fdf1f143b41e24485cea50d1cbac27 -> 
  custom:video-decoder-ogg-theora: a1e56fd34408186e4bbccfd4996cb3dc -> 
  custom:framework-win-MediaFoundation: 216162199b28c13a410421893ffa2e32 -> 
  custom:CustomObjectIndexerAttribute: 756ad292c208cfabdd7b50bc23989ffe -> 
  custom:container-demuxer-webm: 4f35f7cbe854078d1ac9338744f61a02 -> 
  custom:container-muxer-webm: aa71ff27fc2769a1b78a27578f13a17b -> 
  custom:video-decoder-webm-vp8: 9c59270c3fd7afecdb556c50c9e8de78 -> 
  custom:SearchIndexIgnoredProperties: e643bd26f0fe6173181afceb89e7c659 -> 
  custom:AudioImporter_EditorPlatform: d09bf68614088b80899f8185d706f6e7 -> 
  custom:video-encoder-webm-vp8: eb34c28f22e8b96e1ab97ce403110664 -> 
  custom:audio-decoder-ogg-vorbis: bf7c407c2cedff20999df2af8eb42d56 -> 
  custom:audio-encoder-webm-vorbis: bf7c407c2cedff20999df2af8eb42d56 -> 
========================================================================
Received Import Request.
  Time since last request: 7613.122597 seconds.
  path: Assets/02.Scripts/GameManager.cs
  artifactKey: Guid(9e9042e3dc96a1c4983d510dc48f17fb) Importer(2089858483,0ecaa5967403d082aa24f35e1b516d23)
Start importing Assets/02.Scripts/GameManager.cs using Guid(9e9042e3dc96a1c4983d510dc48f17fb) Importer(2089858483,0ecaa5967403d082aa24f35e1b516d23) Generated GUIDs only implemented for interfaces!
 -> (artifact id: '2ffc0de6c7599f04ed541a0d319ae669') in 0.067410 seconds
Number of updated asset objects reloaded before import = 0
Number of asset objects unloaded after import = 1
========================================================================
Received Import Request.
  Time since last request: 63.246118 seconds.
  path: Assets/Pixel Adventure 1/Assets/Background/Purple.png
  artifactKey: Guid(248611cc7bb8d85448933cee393ce41e) Importer(2089858483,0ecaa5967403d082aa24f35e1b516d23)
Start importing Assets/Pixel Adventure 1/Assets/Background/Purple.png using Guid(248611cc7bb8d85448933cee393ce41e) Importer(2089858483,0ecaa5967403d082aa24f35e1b516d23) Generated GUIDs only implemented for interfaces!
 -> (artifact id: '10c42b6777b249a4d8e55c6ad5c7438e') in 0.072557 seconds
Number of updated asset objects reloaded before import = 0
Number of asset objects unloaded after import = 3
========================================================================
Received Import Request.
  Time since last request: 0.000021 seconds.
  path: Assets/Pixel Adventure 1/Assets/Traps/Blocks/Part 1 (22x22).png
  artifactKey: Guid(09f4b8f50dab5b34495ea64fc80b3047) Importer(2089858483,0ecaa5967403d082aa24f35e1b516d23)
Start importing Assets/Pixel Adventure 1/Assets/Traps/Blocks/Part 1 (22x22).png using Guid(09f4b8f50dab5b34495ea64fc80b3047) Importer(2089858483,0ecaa5967403d082aa24f35e1b516d23) Generated GUIDs only implemented for interfaces!
 -> (artifact id: 'b9b11d9fbcb17515a4e3de83a3e75a03') in 0.021671 seconds
Number of updated asset objects reloaded before import = 0
Number of asset objects unloaded after import = 5
========================================================================
Received Import Request.
  Time since last request: 0.000021 seconds.
  path: Assets/Pixel Adventure 1/Assets/Traps/Rock Head/Left Hit (42x42).png
  artifactKey: Guid(bb8f35504d0d42343b3cdb04faaa9d15) Importer(2089858483,0ecaa5967403d082aa24f35e1b516d23)
Start importing Assets/Pixel Adventure 1/Assets/Traps/Rock Head/Left Hit (42x42).png using Guid(bb8f35504d0d42343b3cdb04faaa9d15) Importer(2089858483,0ecaa5967403d082aa24f35e1b516d23) Generated GUIDs only implemented for interfaces!
 -> (artifact id: 'a47fd73ae036119e760f683e0c50c4f5') in 0.030916 seconds
Number of updated asset objects reloaded before import = 0
Number of asset objects unloaded after import = 6
========================================================================
Received Import Request.
  Time since last request: 0.000016 seconds.
  path: Assets/Pixel Adventure 1/Assets/Traps/Sand Mud Ice/Sand Mud Ice (16x6) 1.png
  artifactKey: Guid(6efdcf6020a7a0d41b45257fc2593b74) Importer(2089858483,0ecaa5967403d082aa24f35e1b516d23)
Start importing Assets/Pixel Adventure 1/Assets/Traps/Sand Mud Ice/Sand Mud Ice (16x6) 1.png using Guid(6efdcf6020a7a0d41b45257fc2593b74) Importer(2089858483,0ecaa5967403d082aa24f35e1b516d23) Generated GUIDs only implemented for interfaces!
 -> (artifact id: '55fba917f050d19000ee2f19f47821a0') in 0.026479 seconds
Number of updated asset objects reloaded before import = 0
Number of asset objects unloaded after import = 3
========================================================================
Received Import Request.
  Time since last request: 0.000015 seconds.
  path: Assets/Pixel Adventure 1/Assets/Terrain/Terrain Sliced (16x16).png
  artifactKey: Guid(fc584d329b77b9545b9c9c8bb829e553) Importer(2089858483,0ecaa5967403d082aa24f35e1b516d23)
Start importing Assets/Pixel Adventure 1/Assets/Terrain/Terrain Sliced (16x16).png using Guid(fc584d329b77b9545b9c9c8bb829e553) Importer(2089858483,0ecaa5967403d082aa24f35e1b516d23) Generated GUIDs only implemented for interfaces!
 -> (artifact id: 'dd43898d84960bf08d612856d1fecc89') in 0.351883 seconds
Number of updated asset objects reloaded before import = 0
Number of asset objects unloaded after import = 146
========================================================================
Received Import Request.
  Time since last request: 0.000022 seconds.
  path: Assets/Pixel Adventure 1/Assets/Traps/Rock Head/Right Hit (42x42).png
  artifactKey: Guid(337dc14b4c251b345bc534a6e8df01db) Importer(2089858483,0ecaa5967403d082aa24f35e1b516d23)
Start importing Assets/Pixel Adventure 1/Assets/Traps/Rock Head/Right Hit (42x42).png using Guid(337dc14b4c251b345bc534a6e8df01db) Importer(2089858483,0ecaa5967403d082aa24f35e1b516d23) Generated GUIDs only implemented for interfaces!
 -> (artifact id: 'cd6f46bbd8e37ceed9457edb805d7032') in 0.021936 seconds
Number of updated asset objects reloaded before import = 0
Number of asset objects unloaded after import = 6
========================================================================
Received Import Request.
  Time since last request: 0.000022 seconds.
  path: Assets/Pixel Adventure 1/Assets/Traps/Saw/On (38x38).png
  artifactKey: Guid(c016f0eb0a188a14ab7f86d910097523) Importer(2089858483,0ecaa5967403d082aa24f35e1b516d23)
Start importing Assets/Pixel Adventure 1/Assets/Traps/Saw/On (38x38).png using Guid(c016f0eb0a188a14ab7f86d910097523) Importer(2089858483,0ecaa5967403d082aa24f35e1b516d23) Generated GUIDs only implemented for interfaces!
 -> (artifact id: '6d06640bc59a95bb0506aecd807587df') in 0.027822 seconds
Number of updated asset objects reloaded before import = 0
Number of asset objects unloaded after import = 10
========================================================================
Received Import Request.
  Time since last request: 0.000016 seconds.
  path: Assets/Pixel Adventure 1/Assets/Traps/Saw/Off.png
  artifactKey: Guid(ca5ce7f3f3ac3bb499d37119b1867d7e) Importer(2089858483,0ecaa5967403d082aa24f35e1b516d23)
Start importing Assets/Pixel Adventure 1/Assets/Traps/Saw/Off.png using Guid(ca5ce7f3f3ac3bb499d37119b1867d7e) Importer(2089858483,0ecaa5967403d082aa24f35e1b516d23) Generated GUIDs only implemented for interfaces!
 -> (artifact id: '005e0d4e9039143e8372211d8da8701c') in 0.020272 seconds
Number of updated asset objects reloaded before import = 0
Number of asset objects unloaded after import = 3
========================================================================
Received Import Request.
  Time since last request: 0.000012 seconds.
  path: Assets/Pixel Adventure 1/Assets/Traps/Falling Platforms/Off.png
  artifactKey: Guid(99329b87c11d1ee4f8d328e269a7073b) Importer(2089858483,0ecaa5967403d082aa24f35e1b516d23)
Start importing Assets/Pixel Adventure 1/Assets/Traps/Falling Platforms/Off.png using Guid(99329b87c11d1ee4f8d328e269a7073b) Importer(2089858483,0ecaa5967403d082aa24f35e1b516d23) Generated GUIDs only implemented for interfaces!
 -> (artifact id: 'c66e62868e8c76dbe970106b9dc706c0') in 0.018656 seconds
Number of updated asset objects reloaded before import = 0
Number of asset objects unloaded after import = 3
========================================================================
Received Import Request.
  Time since last request: 0.000016 seconds.
  path: Assets/Pixel Adventure 1/Assets/Traps/Blocks/Part 2 (22x22).png
  artifactKey: Guid(445c6df91e50ef74eb2589883bcc07d1) Importer(2089858483,0ecaa5967403d082aa24f35e1b516d23)
Start importing Assets/Pixel Adventure 1/Assets/Traps/Blocks/Part 2 (22x22).png using Guid(445c6df91e50ef74eb2589883bcc07d1) Importer(2089858483,0ecaa5967403d082aa24f35e1b516d23) Generated GUIDs only implemented for interfaces!
 -> (artifact id: '8fc2889b57d906052f9e0c2a75486a83') in 0.021078 seconds
Number of updated asset objects reloaded before import = 0
Number of asset objects unloaded after import = 5
========================================================================
Received Import Request.
  Time since last request: 0.000015 seconds.
  path: Assets/Pixel Adventure 1/Assets/Items/Fruits/Orange.png
  artifactKey: Guid(ffc9f271fad56c243a45f100b9dc6778) Importer(2089858483,0ecaa5967403d082aa24f35e1b516d23)
Start importing Assets/Pixel Adventure 1/Assets/Items/Fruits/Orange.png using Guid(ffc9f271fad56c243a45f100b9dc6778) Importer(2089858483,0ecaa5967403d082aa24f35e1b516d23) Generated GUIDs only implemented for interfaces!
 -> (artifact id: '6c33d4742565d431205784f28bbbd81c') in 0.043749 seconds
Number of updated asset objects reloaded before import = 0
Number of asset objects unloaded after import = 19
========================================================================
Received Import Request.
  Time since last request: 0.000013 seconds.
  path: Assets/Pixel Adventure 1/Assets/Traps/Platforms/Grey On (32x8).png
  artifactKey: Guid(7e73d0165dccc3745b6d9f293e19161c) Importer(2089858483,0ecaa5967403d082aa24f35e1b516d23)
Start importing Assets/Pixel Adventure 1/Assets/Traps/Platforms/Grey On (32x8).png using Guid(7e73d0165dccc3745b6d9f293e19161c) Importer(2089858483,0ecaa5967403d082aa24f35e1b516d23) Generated GUIDs only implemented for interfaces!
 -> (artifact id: 'ecf5134aee9b7b48bdf109fad1fbdd94') in 0.060471 seconds
Number of updated asset objects reloaded before import = 0
Number of asset objects unloaded after import = 10
========================================================================
Received Import Request.
  Time since last request: 0.000013 seconds.
  path: Assets/Pixel Adventure 1/Assets/Main Characters/Virtual Guy/Idle (32x32).png
  artifactKey: Guid(40de9a8703e2e5a47882b0b86451c741) Importer(2089858483,0ecaa5967403d082aa24f35e1b516d23)
Start importing Assets/Pixel Adventure 1/Assets/Main Characters/Virtual Guy/Idle (32x32).png using Guid(40de9a8703e2e5a47882b0b86451c741) Importer(2089858483,0ecaa5967403d082aa24f35e1b516d23) Generated GUIDs only implemented for interfaces!
 -> (artifact id: 'bc9e031b82c1dbe6a1082df03f3edb4e') in 0.030164 seconds
Number of updated asset objects reloaded before import = 0
Number of asset objects unloaded after import = 13
========================================================================
Received Import Request.
  Time since last request: 0.000016 seconds.
  path: Assets/Pixel Adventure 1/Assets/Traps/Spike Head/Top Hit (54x52).png
  artifactKey: Guid(8123182af98fb8147a7d6e6bf458ba4b) Importer(2089858483,0ecaa5967403d082aa24f35e1b516d23)
Start importing Assets/Pixel Adventure 1/Assets/Traps/Spike Head/Top Hit (54x52).png using Guid(8123182af98fb8147a7d6e6bf458ba4b) Importer(2089858483,0ecaa5967403d082aa24f35e1b516d23) Generated GUIDs only implemented for interfaces!
 -> (artifact id: '88f5d90e5ce0b67434a30d9d1bae9afb') in 0.022404 seconds
Number of updated asset objects reloaded before import = 0
Number of asset objects unloaded after import = 6
========================================================================
Received Import Request.
  Time since last request: 0.000021 seconds.
  path: Assets/Pixel Adventure 1/Assets/Traps/Platforms/Brown On (32x8).png
  artifactKey: Guid(e242b62e7e6caee439fa1d024a8fa5bb) Importer(2089858483,0ecaa5967403d082aa24f35e1b516d23)
Start importing Assets/Pixel Adventure 1/Assets/Traps/Platforms/Brown On (32x8).png using Guid(e242b62e7e6caee439fa1d024a8fa5bb) Importer(2089858483,0ecaa5967403d082aa24f35e1b516d23) Generated GUIDs only implemented for interfaces!
 -> (artifact id: '5a53e8612a2f90b235db1deab8e437b6') in 0.029427 seconds
Number of updated asset objects reloaded before import = 0
Number of asset objects unloaded after import = 10
========================================================================
Received Import Request.
  Time since last request: 0.000016 seconds.
  path: Assets/Pixel Adventure 1/Assets/Items/Fruits/Strawberry.png
  artifactKey: Guid(a2c110585eb710b408972fbc3b96136d) Importer(2089858483,0ecaa5967403d082aa24f35e1b516d23)
Start importing Assets/Pixel Adventure 1/Assets/Items/Fruits/Strawberry.png using Guid(a2c110585eb710b408972fbc3b96136d) Importer(2089858483,0ecaa5967403d082aa24f35e1b516d23) Generated GUIDs only implemented for interfaces!
 -> (artifact id: 'db8d5b6c3285f2fa760551b211295e34') in 0.045777 seconds
Number of updated asset objects reloaded before import = 0
Number of asset objects unloaded after import = 19
========================================================================
Received Import Request.
  Time since last request: 0.002035 seconds.
  path: Assets/Pixel Adventure 1/Assets/Items/Fruits
  artifactKey: Guid(d8c3b8ef4ce4d06449ed14a7e7f164fd) Importer(2089858483,0ecaa5967403d082aa24f35e1b516d23)
Start importing Assets/Pixel Adventure 1/Assets/Items/Fruits using Guid(d8c3b8ef4ce4d06449ed14a7e7f164fd) Importer(2089858483,0ecaa5967403d082aa24f35e1b516d23) Generated GUIDs only implemented for interfaces!
 -> (artifact id: 'b5e7dc5ff5873309380fc78551862970') in 0.009718 seconds
Number of updated asset objects reloaded before import = 0
Number of asset objects unloaded after import = 1
========================================================================
Received Import Request.
  Time since last request: 0.000012 seconds.
  path: Assets/Pixel Adventure 1/Assets/Traps/Fan/Off.png
  artifactKey: Guid(1f268b33cadc6104287b8111b824e1e8) Importer(2089858483,0ecaa5967403d082aa24f35e1b516d23)
Start importing Assets/Pixel Adventure 1/Assets/Traps/Fan/Off.png using Guid(1f268b33cadc6104287b8111b824e1e8) Importer(2089858483,0ecaa5967403d082aa24f35e1b516d23) Generated GUIDs only implemented for interfaces!
 -> (artifact id: 'ac2a2eb22ee2eea52cb9c95f8296ba56') in 0.020182 seconds
Number of updated asset objects reloaded before import = 0
Number of asset objects unloaded after import = 3
========================================================================
Received Import Request.
  Time since last request: 0.000012 seconds.
  path: Assets/Pixel Adventure 1/Assets/Traps/Saw
  artifactKey: Guid(2047d0641083c994ab0e7e598540af0e) Importer(2089858483,0ecaa5967403d082aa24f35e1b516d23)
Start importing Assets/Pixel Adventure 1/Assets/Traps/Saw using Guid(2047d0641083c994ab0e7e598540af0e) Importer(2089858483,0ecaa5967403d082aa24f35e1b516d23) Generated GUIDs only implemented for interfaces!
 -> (artifact id: '6e39fd38576b1c17a6042ffaea2b15c4') in 0.007332 seconds
Number of updated asset objects reloaded before import = 0
Number of asset objects unloaded after import = 1
========================================================================
Received Import Request.
  Time since last request: 0.000012 seconds.
  path: Assets/Pixel Adventure 1/Assets/Traps/Sand Mud Ice
  artifactKey: Guid(75e0826b9fadc904c8550e01b58406c3) Importer(2089858483,0ecaa5967403d082aa24f35e1b516d23)
Start importing Assets/Pixel Adventure 1/Assets/Traps/Sand Mud Ice using Guid(75e0826b9fadc904c8550e01b58406c3) Importer(2089858483,0ecaa5967403d082aa24f35e1b516d23) Generated GUIDs only implemented for interfaces!
 -> (artifact id: 'ccd69f8b5070e2d0bcb6e5ec0687b797') in 0.007573 seconds
Number of updated asset objects reloaded before import = 0
Number of asset objects unloaded after import = 1
========================================================================
Received Import Request.
  Time since last request: 0.000015 seconds.
  path: Assets/Pixel Adventure 1/Assets/Items/Fruits/Bananas.png
  artifactKey: Guid(b1f24b3bc2e2f1d4b858657ad5c115a0) Importer(2089858483,0ecaa5967403d082aa24f35e1b516d23)
Start importing Assets/Pixel Adventure 1/Assets/Items/Fruits/Bananas.png using Guid(b1f24b3bc2e2f1d4b858657ad5c115a0) Importer(2089858483,0ecaa5967403d082aa24f35e1b516d23) Generated GUIDs only implemented for interfaces!
 -> (artifact id: '3f90aacccd9306c80f4b412cc4cd0786') in 0.045705 seconds
Number of updated asset objects reloaded before import = 0
Number of asset objects unloaded after import = 19
========================================================================
Received Import Request.
  Time since last request: 0.000012 seconds.
  path: Assets/Pixel Adventure 1/Assets/Main Characters/Virtual Guy/Wall Jump (32x32).png
  artifactKey: Guid(5a448cc07b6e09343924bf933b0cb70e) Importer(2089858483,0ecaa5967403d082aa24f35e1b516d23)
Start importing Assets/Pixel Adventure 1/Assets/Main Characters/Virtual Guy/Wall Jump (32x32).png using Guid(5a448cc07b6e09343924bf933b0cb70e) Importer(2089858483,0ecaa5967403d082aa24f35e1b516d23) Generated GUIDs only implemented for interfaces!
 -> (artifact id: '08642131ad26d3723b7027e6b38d2a50') in 0.039151 seconds
Number of updated asset objects reloaded before import = 0
Number of asset objects unloaded after import = 7
========================================================================
Received Import Request.
  Time since last request: 0.000024 seconds.
  path: Assets/Pixel Adventure 1/Assets/Traps/Rock Head/Blink (42x42).png
  artifactKey: Guid(e3e6b3d6c57dc7b488e7d1e8be902988) Importer(2089858483,0ecaa5967403d082aa24f35e1b516d23)
Start importing Assets/Pixel Adventure 1/Assets/Traps/Rock Head/Blink (42x42).png using Guid(e3e6b3d6c57dc7b488e7d1e8be902988) Importer(2089858483,0ecaa5967403d082aa24f35e1b516d23) Generated GUIDs only implemented for interfaces!
 -> (artifact id: 'b2cd5a24deeace3e0117a22214491cdf') in 0.032735 seconds
Number of updated asset objects reloaded before import = 0
Number of asset objects unloaded after import = 6
========================================================================
Received Import Request.
  Time since last request: 0.000015 seconds.
  path: Assets/Pixel Adventure 1/Assets/Background
  artifactKey: Guid(e2c5ef056991e3c4b902833ce4b5c2f9) Importer(2089858483,0ecaa5967403d082aa24f35e1b516d23)
Start importing Assets/Pixel Adventure 1/Assets/Background using Guid(e2c5ef056991e3c4b902833ce4b5c2f9) Importer(2089858483,0ecaa5967403d082aa24f35e1b516d23) Generated GUIDs only implemented for interfaces!
 -> (artifact id: 'c2624fc676aca333c359c4fb6b2ecd2e') in 0.025079 seconds
Number of updated asset objects reloaded before import = 0
Number of asset objects unloaded after import = 1
========================================================================
Received Import Request.
  Time since last request: 12.954998 seconds.
  path: Assets/07.Asset/Pixel Adventure 1/Assets/Items
  artifactKey: Guid(45aa8edc5710be2418fa949495904348) Importer(2089858483,0ecaa5967403d082aa24f35e1b516d23)
Start importing Assets/07.Asset/Pixel Adventure 1/Assets/Items using Guid(45aa8edc5710be2418fa949495904348) Importer(2089858483,0ecaa5967403d082aa24f35e1b516d23) Generated GUIDs only implemented for interfaces!
 -> (artifact id: '3c696eeda9289cf84a517b8ff4089a37') in 0.006268 seconds
Number of updated asset objects reloaded before import = 0
Number of asset objects unloaded after import = 1
========================================================================
Received Import Request.
  Time since last request: 0.000020 seconds.
  path: Assets/07.Asset/Pixel Adventure 1/Assets/Items/Checkpoints/End
  artifactKey: Guid(6992f1c59d329a545aafe0c44bb73a41) Importer(2089858483,0ecaa5967403d082aa24f35e1b516d23)
Start importing Assets/07.Asset/Pixel Adventure 1/Assets/Items/Checkpoints/End using Guid(6992f1c59d329a545aafe0c44bb73a41) Importer(2089858483,0ecaa5967403d082aa24f35e1b516d23) Generated GUIDs only implemented for interfaces!
 -> (artifact id: 'dd3b1cb579e65bbd2549e202979663f7') in 0.008044 seconds
Number of updated asset objects reloaded before import = 0
Number of asset objects unloaded after import = 1
========================================================================
Received Import Request.
  Time since last request: 0.000012 seconds.
  path: Assets/07.Asset/Pixel Adventure 1/Assets/Traps/Sand Mud Ice/Sand Particle.png
  artifactKey: Guid(4f9f5db3daca0a04fba33ee1f463fbed) Importer(2089858483,0ecaa5967403d082aa24f35e1b516d23)
Start importing Assets/07.Asset/Pixel Adventure 1/Assets/Traps/Sand Mud Ice/Sand Particle.png using Guid(4f9f5db3daca0a04fba33ee1f463fbed) Importer(2089858483,0ecaa5967403d082aa24f35e1b516d23) Generated GUIDs only implemented for interfaces!
 -> (artifact id: 'c6593948cf545117112bc4e9eb77b375') in 0.026483 seconds
Number of updated asset objects reloaded before import = 0
Number of asset objects unloaded after import = 3
========================================================================
Received Import Request.
  Time since last request: 0.000013 seconds.
  path: Assets/07.Asset/Pixel Adventure 1/Assets/Traps/Saw/Off.png
  artifactKey: Guid(ca5ce7f3f3ac3bb499d37119b1867d7e) Importer(2089858483,0ecaa5967403d082aa24f35e1b516d23)
Start importing Assets/07.Asset/Pixel Adventure 1/Assets/Traps/Saw/Off.png using Guid(ca5ce7f3f3ac3bb499d37119b1867d7e) Importer(2089858483,0ecaa5967403d082aa24f35e1b516d23) Generated GUIDs only implemented for interfaces!
 -> (artifact id: '89b61f93a50110e537cd5a80bb5420f3') in 0.023939 seconds
Number of updated asset objects reloaded before import = 0
Number of asset objects unloaded after import = 3
========================================================================
Received Import Request.
  Time since last request: 0.000012 seconds.
  path: Assets/07.Asset/Pixel Adventure 1/Assets/Items/Checkpoints/Checkpoint/Checkpoint (Flag Idle)(64x64).png
  artifactKey: Guid(27a107940057e8743a507269b18a691a) Importer(2089858483,0ecaa5967403d082aa24f35e1b516d23)
Start importing Assets/07.Asset/Pixel Adventure 1/Assets/Items/Checkpoints/Checkpoint/Checkpoint (Flag Idle)(64x64).png using Guid(27a107940057e8743a507269b18a691a) Importer(2089858483,0ecaa5967403d082aa24f35e1b516d23) Generated GUIDs only implemented for interfaces!
 -> (artifact id: 'aa100ae148c1fdbdc6dc70924e2ac79d') in 0.038110 seconds
Number of updated asset objects reloaded before import = 0
Number of asset objects unloaded after import = 12
========================================================================
Received Import Request.
  Time since last request: 0.000014 seconds.
  path: Assets/07.Asset/Pixel Adventure 1/Assets/Traps/Spike Head/Right Hit (54x52).png
  artifactKey: Guid(75b1a2f7cb6173c4d826963a35f18512) Importer(2089858483,0ecaa5967403d082aa24f35e1b516d23)
Start importing Assets/07.Asset/Pixel Adventure 1/Assets/Traps/Spike Head/Right Hit (54x52).png using Guid(75b1a2f7cb6173c4d826963a35f18512) Importer(2089858483,0ecaa5967403d082aa24f35e1b516d23) Generated GUIDs only implemented for interfaces!
 -> (artifact id: '155f2a2a7a706311ff080eea92523524') in 0.023008 seconds
Number of updated asset objects reloaded before import = 0
Number of asset objects unloaded after import = 6
========================================================================
Received Import Request.
  Time since last request: 0.000011 seconds.
  path: Assets/07.Asset/Pixel Adventure 1/Assets/Main Characters/Virtual Guy/Hit (32x32).png
  artifactKey: Guid(0b4768f2ab470f44ca33fa59836a0774) Importer(2089858483,0ecaa5967403d082aa24f35e1b516d23)
Start importing Assets/07.Asset/Pixel Adventure 1/Assets/Main Characters/Virtual Guy/Hit (32x32).png using Guid(0b4768f2ab470f44ca33fa59836a0774) Importer(2089858483,0ecaa5967403d082aa24f35e1b516d23) Generated GUIDs only implemented for interfaces!
 -> (artifact id: 'de40f7fc4506c95622df8f3fffcb9844') in 0.032355 seconds
Number of updated asset objects reloaded before import = 0
Number of asset objects unloaded after import = 9
========================================================================
Received Import Request.
  Time since last request: 0.000017 seconds.
  path: Assets/07.Asset/Pixel Adventure 1/Assets/Traps/Sand Mud Ice/Sand Mud Ice Sliced (16x6).png
  artifactKey: Guid(d436f9306d1867c44b4d0c5c013fcb7e) Importer(2089858483,0ecaa5967403d082aa24f35e1b516d23)
Start importing Assets/07.Asset/Pixel Adventure 1/Assets/Traps/Sand Mud Ice/Sand Mud Ice Sliced (16x6).png using Guid(d436f9306d1867c44b4d0c5c013fcb7e) Importer(2089858483,0ecaa5967403d082aa24f35e1b516d23) Generated GUIDs only implemented for interfaces!
 -> (artifact id: '8e7d638ca25948fb0d8871539b83b521') in 0.077720 seconds
Number of updated asset objects reloaded before import = 0
Number of asset objects unloaded after import = 41
========================================================================
Received Import Request.
  Time since last request: 0.000018 seconds.
  path: Assets/07.Asset/Pixel Adventure 1/Assets/Items/Fruits/Kiwi.png
  artifactKey: Guid(5100b75572e484e458e4340e2afe9454) Importer(2089858483,0ecaa5967403d082aa24f35e1b516d23)
Start importing Assets/07.Asset/Pixel Adventure 1/Assets/Items/Fruits/Kiwi.png using Guid(5100b75572e484e458e4340e2afe9454) Importer(2089858483,0ecaa5967403d082aa24f35e1b516d23) Generated GUIDs only implemented for interfaces!
 -> (artifact id: '27245b1bad6ccf9361bf486908b9e103') in 0.037046 seconds
Number of updated asset objects reloaded before import = 0
Number of asset objects unloaded after import = 19
========================================================================
Received Import Request.
  Time since last request: 0.000019 seconds.
  path: Assets/07.Asset/Pixel Adventure 1/Assets/Main Characters/Virtual Guy/Double Jump (32x32).png
  artifactKey: Guid(62a315a8619ac644f899c29e008115c0) Importer(2089858483,0ecaa5967403d082aa24f35e1b516d23)
Start importing Assets/07.Asset/Pixel Adventure 1/Assets/Main Characters/Virtual Guy/Double Jump (32x32).png using Guid(62a315a8619ac644f899c29e008115c0) Importer(2089858483,0ecaa5967403d082aa24f35e1b516d23) Generated GUIDs only implemented for interfaces!
 -> (artifact id: '32964b7ee833e02655d75b7c6d4178c9') in 0.024566 seconds
Number of updated asset objects reloaded before import = 0
Number of asset objects unloaded after import = 8
========================================================================
Received Import Request.
  Time since last request: 0.000013 seconds.
  path: Assets/07.Asset/Pixel Adventure 1/Assets/Main Characters/Virtual Guy/Jump (32x32).png
  artifactKey: Guid(320f4eb52e227b446830a1f6fd691fca) Importer(2089858483,0ecaa5967403d082aa24f35e1b516d23)
Start importing Assets/07.Asset/Pixel Adventure 1/Assets/Main Characters/Virtual Guy/Jump (32x32).png using Guid(320f4eb52e227b446830a1f6fd691fca) Importer(2089858483,0ecaa5967403d082aa24f35e1b516d23) Generated GUIDs only implemented for interfaces!
 -> (artifact id: 'd0accaf533b5b3d6ae3937c952971b64') in 0.022742 seconds
Number of updated asset objects reloaded before import = 0
Number of asset objects unloaded after import = 3
========================================================================
Received Import Request.
  Time since last request: 0.000016 seconds.
  path: Assets/07.Asset/Pixel Adventure 1/Assets/Traps/Trampoline/Idle.png
  artifactKey: Guid(82025043983216e4dbc6a6805bc1d02e) Importer(2089858483,0ecaa5967403d082aa24f35e1b516d23)
Start importing Assets/07.Asset/Pixel Adventure 1/Assets/Traps/Trampoline/Idle.png using Guid(82025043983216e4dbc6a6805bc1d02e) Importer(2089858483,0ecaa5967403d082aa24f35e1b516d23) Generated GUIDs only implemented for interfaces!
 -> (artifact id: '898395fd73219d68be05cc6bd7b6e7f5') in 0.018263 seconds
Number of updated asset objects reloaded before import = 0
Number of asset objects unloaded after import = 3
========================================================================
Received Import Request.
  Time since last request: 0.000015 seconds.
  path: Assets/07.Asset/Pixel Adventure 1/Assets/Main Characters/Virtual Guy/Idle (32x32).png
  artifactKey: Guid(40de9a8703e2e5a47882b0b86451c741) Importer(2089858483,0ecaa5967403d082aa24f35e1b516d23)
Start importing Assets/07.Asset/Pixel Adventure 1/Assets/Main Characters/Virtual Guy/Idle (32x32).png using Guid(40de9a8703e2e5a47882b0b86451c741) Importer(2089858483,0ecaa5967403d082aa24f35e1b516d23) Generated GUIDs only implemented for interfaces!
 -> (artifact id: 'e5b27a3c02f9b02f3d5fae3da01996bf') in 0.029375 seconds
Number of updated asset objects reloaded before import = 0
Number of asset objects unloaded after import = 13
========================================================================
Received Import Request.
  Time since last request: 0.000012 seconds.
  path: Assets/07.Asset/Pixel Adventure 1/Assets/Traps/Blocks/HitTop (22x22).png
  artifactKey: Guid(cf4eb9361d321834693bc5dcefbb5c4f) Importer(2089858483,0ecaa5967403d082aa24f35e1b516d23)
Start importing Assets/07.Asset/Pixel Adventure 1/Assets/Traps/Blocks/HitTop (22x22).png using Guid(cf4eb9361d321834693bc5dcefbb5c4f) Importer(2089858483,0ecaa5967403d082aa24f35e1b516d23) Generated GUIDs only implemented for interfaces!
 -> (artifact id: '584c0c04d112ccf78c05679317bff7db') in 0.023705 seconds
Number of updated asset objects reloaded before import = 0
Number of asset objects unloaded after import = 5
========================================================================
Received Import Request.
  Time since last request: 0.000011 seconds.
  path: Assets/07.Asset/Pixel Adventure 1/Assets/Items/Fruits/Strawberry.png
  artifactKey: Guid(a2c110585eb710b408972fbc3b96136d) Importer(2089858483,0ecaa5967403d082aa24f35e1b516d23)
Start importing Assets/07.Asset/Pixel Adventure 1/Assets/Items/Fruits/Strawberry.png using Guid(a2c110585eb710b408972fbc3b96136d) Importer(2089858483,0ecaa5967403d082aa24f35e1b516d23) Generated GUIDs only implemented for interfaces!
 -> (artifact id: 'bb4c024a97356b5e2b1cd8041b3baaed') in 0.038416 seconds
Number of updated asset objects reloaded before import = 0
Number of asset objects unloaded after import = 19
========================================================================
Received Import Request.
  Time since last request: 0.000015 seconds.
  path: Assets/07.Asset/Pixel Adventure 1/Assets/Main Characters/Mask Dude/Hit (32x32).png
  artifactKey: Guid(b234dd527243d1042a19b2cf7ef17cd7) Importer(2089858483,0ecaa5967403d082aa24f35e1b516d23)
Start importing Assets/07.Asset/Pixel Adventure 1/Assets/Main Characters/Mask Dude/Hit (32x32).png using Guid(b234dd527243d1042a19b2cf7ef17cd7) Importer(2089858483,0ecaa5967403d082aa24f35e1b516d23) Generated GUIDs only implemented for interfaces!
 -> (artifact id: 'd26f91322955bf446c87c67fe249f86c') in 0.026460 seconds
Number of updated asset objects reloaded before import = 0
Number of asset objects unloaded after import = 9
========================================================================
Received Import Request.
  Time since last request: 0.000013 seconds.
  path: Assets/07.Asset/Pixel Adventure 1/Assets/Background/Blue.png
  artifactKey: Guid(8049ea91a9d5fca4dab4024c0915dbe6) Importer(2089858483,0ecaa5967403d082aa24f35e1b516d23)
Start importing Assets/07.Asset/Pixel Adventure 1/Assets/Background/Blue.png using Guid(8049ea91a9d5fca4dab4024c0915dbe6) Importer(2089858483,0ecaa5967403d082aa24f35e1b516d23) Generated GUIDs only implemented for interfaces!
 -> (artifact id: 'b7327e7876bee5decdc2b26481cf0bc8') in 0.018023 seconds
Number of updated asset objects reloaded before import = 0
Number of asset objects unloaded after import = 3
========================================================================
Received Import Request.
  Time since last request: 0.000012 seconds.
  path: Assets/07.Asset/Pixel Adventure 1/Assets/Traps/Fire/On (16x32).png
  artifactKey: Guid(3c112a44cc7dc7a468f4d132c2e7611c) Importer(2089858483,0ecaa5967403d082aa24f35e1b516d23)
Start importing Assets/07.Asset/Pixel Adventure 1/Assets/Traps/Fire/On (16x32).png using Guid(3c112a44cc7dc7a468f4d132c2e7611c) Importer(2089858483,0ecaa5967403d082aa24f35e1b516d23) Generated GUIDs only implemented for interfaces!
 -> (artifact id: '57ca95e35d1970e86af22f4e4e2dd69f') in 0.034767 seconds
Number of updated asset objects reloaded before import = 0
Number of asset objects unloaded after import = 5
========================================================================
Received Import Request.
  Time since last request: 0.000014 seconds.
  path: Assets/07.Asset/Pixel Adventure 1/Assets/Traps/Platforms/Grey Off.png
  artifactKey: Guid(19602dbd991e72f4c8df688afa341f3d) Importer(2089858483,0ecaa5967403d082aa24f35e1b516d23)
Start importing Assets/07.Asset/Pixel Adventure 1/Assets/Traps/Platforms/Grey Off.png using Guid(19602dbd991e72f4c8df688afa341f3d) Importer(2089858483,0ecaa5967403d082aa24f35e1b516d23) Generated GUIDs only implemented for interfaces!
 -> (artifact id: '1750dc6c5947660cbd5aac357f88382c') in 0.025100 seconds
Number of updated asset objects reloaded before import = 0
Number of asset objects unloaded after import = 3
========================================================================
Received Import Request.
  Time since last request: 0.000023 seconds.
  path: Assets/07.Asset/Pixel Adventure 1/Assets/Traps/Spiked Ball/Spiked Ball.png
  artifactKey: Guid(60e5d93de53da5642a38fce5925c3efa) Importer(2089858483,0ecaa5967403d082aa24f35e1b516d23)
Start importing Assets/07.Asset/Pixel Adventure 1/Assets/Traps/Spiked Ball/Spiked Ball.png using Guid(60e5d93de53da5642a38fce5925c3efa) Importer(2089858483,0ecaa5967403d082aa24f35e1b516d23) Generated GUIDs only implemented for interfaces!
 -> (artifact id: '46c841a0d6ed102fd919230be2d555db') in 0.017796 seconds
Number of updated asset objects reloaded before import = 0
Number of asset objects unloaded after import = 3
========================================================================
Received Import Request.
  Time since last request: 0.000013 seconds.
  path: Assets/07.Asset/Pixel Adventure 1/Assets/Items/Fruits/Apple.png
  artifactKey: Guid(1ddc9afd21fec77489b1248d18f31b68) Importer(2089858483,0ecaa5967403d082aa24f35e1b516d23)
Start importing Assets/07.Asset/Pixel Adventure 1/Assets/Items/Fruits/Apple.png using Guid(1ddc9afd21fec77489b1248d18f31b68) Importer(2089858483,0ecaa5967403d082aa24f35e1b516d23) Generated GUIDs only implemented for interfaces!
 -> (artifact id: '9f2f94fe48c0d888f033ccd5240cbfae') in 0.037394 seconds
Number of updated asset objects reloaded before import = 0
Number of asset objects unloaded after import = 19
========================================================================
Received Import Request.
  Time since last request: 0.000011 seconds.
  path: Assets/07.Asset/Pixel Adventure 1/Assets/Traps/Blocks/HitSide (22x22).png
  artifactKey: Guid(a93caedcaa299f14e978454757f38077) Importer(2089858483,0ecaa5967403d082aa24f35e1b516d23)
Start importing Assets/07.Asset/Pixel Adventure 1/Assets/Traps/Blocks/HitSide (22x22).png using Guid(a93caedcaa299f14e978454757f38077) Importer(2089858483,0ecaa5967403d082aa24f35e1b516d23) Generated GUIDs only implemented for interfaces!
 -> (artifact id: '2235a6b59c990925e449d94ff2f8ff35') in 0.021075 seconds
Number of updated asset objects reloaded before import = 0
Number of asset objects unloaded after import = 5
========================================================================
Received Import Request.
  Time since last request: 0.000015 seconds.
  path: Assets/07.Asset/Pixel Adventure 1/Assets/Items/Checkpoints/Checkpoint/Checkpoint (Flag Out) (64x64).png
  artifactKey: Guid(32726eef68207514bbede9c6509379b5) Importer(2089858483,0ecaa5967403d082aa24f35e1b516d23)
Start importing Assets/07.Asset/Pixel Adventure 1/Assets/Items/Checkpoints/Checkpoint/Checkpoint (Flag Out) (64x64).png using Guid(32726eef68207514bbede9c6509379b5) Importer(2089858483,0ecaa5967403d082aa24f35e1b516d23) Generated GUIDs only implemented for interfaces!
 -> (artifact id: '61cdd55067dc099d3767800da1ad1e8e') in 0.061315 seconds
Number of updated asset objects reloaded before import = 0
Number of asset objects unloaded after import = 28
========================================================================
Received Import Request.
  Time since last request: 0.000012 seconds.
  path: Assets/07.Asset/Pixel Adventure 1/Assets/Items/Checkpoints/Checkpoint/Checkpoint (No Flag).png
  artifactKey: Guid(68f54e5fc0fa326458d3e18bdccce704) Importer(2089858483,0ecaa5967403d082aa24f35e1b516d23)
Start importing Assets/07.Asset/Pixel Adventure 1/Assets/Items/Checkpoints/Checkpoint/Checkpoint (No Flag).png using Guid(68f54e5fc0fa326458d3e18bdccce704) Importer(2089858483,0ecaa5967403d082aa24f35e1b516d23) Generated GUIDs only implemented for interfaces!
 -> (artifact id: '177ed32cc61b0045337ace722393e808') in 0.018184 seconds
Number of updated asset objects reloaded before import = 0
Number of asset objects unloaded after import = 3
========================================================================
Received Import Request.
  Time since last request: 0.000012 seconds.
  path: Assets/07.Asset/Pixel Adventure 1/Assets/Traps/Rock Head/Right Hit (42x42).png
  artifactKey: Guid(337dc14b4c251b345bc534a6e8df01db) Importer(2089858483,0ecaa5967403d082aa24f35e1b516d23)
Start importing Assets/07.Asset/Pixel Adventure 1/Assets/Traps/Rock Head/Right Hit (42x42).png using Guid(337dc14b4c251b345bc534a6e8df01db) Importer(2089858483,0ecaa5967403d082aa24f35e1b516d23) Generated GUIDs only implemented for interfaces!
 -> (artifact id: '791f2f9bdc1773c8694eb43d5d694f91') in 0.023852 seconds
Number of updated asset objects reloaded before import = 0
Number of asset objects unloaded after import = 6
========================================================================
Received Import Request.
  Time since last request: 0.000013 seconds.
  path: Assets/07.Asset/Pixel Adventure 1/Assets/Items/Boxes/Box2/Break (28x24).png
  artifactKey: Guid(a766483fddea6b64f827838e089d1970) Importer(2089858483,0ecaa5967403d082aa24f35e1b516d23)
Start importing Assets/07.Asset/Pixel Adventure 1/Assets/Items/Boxes/Box2/Break (28x24).png using Guid(a766483fddea6b64f827838e089d1970) Importer(2089858483,0ecaa5967403d082aa24f35e1b516d23) Generated GUIDs only implemented for interfaces!
 -> (artifact id: '8949e9071131ba0d1e18e6984522bd14') in 0.029627 seconds
Number of updated asset objects reloaded before import = 0
Number of asset objects unloaded after import = 6
========================================================================
Received Import Request.
  Time since last request: 0.000012 seconds.
  path: Assets/07.Asset/Pixel Adventure 1/Assets/Items/Fruits/Collected.png
  artifactKey: Guid(be1a5bd13766ec048bab6f4c578baa0f) Importer(2089858483,0ecaa5967403d082aa24f35e1b516d23)
Start importing Assets/07.Asset/Pixel Adventure 1/Assets/Items/Fruits/Collected.png using Guid(be1a5bd13766ec048bab6f4c578baa0f) Importer(2089858483,0ecaa5967403d082aa24f35e1b516d23) Generated GUIDs only implemented for interfaces!
 -> (artifact id: 'b4f7507af37ef253b1f076af210490ab') in 0.024727 seconds
Number of updated asset objects reloaded before import = 0
Number of asset objects unloaded after import = 8
========================================================================
Received Import Request.
  Time since last request: 0.000014 seconds.
  path: Assets/07.Asset/Pixel Adventure 1/Assets/Traps/Spike Head/Bottom Hit (54x52).png
  artifactKey: Guid(d2223d6a7816d474b83187392732daf6) Importer(2089858483,0ecaa5967403d082aa24f35e1b516d23)
Start importing Assets/07.Asset/Pixel Adventure 1/Assets/Traps/Spike Head/Bottom Hit (54x52).png using Guid(d2223d6a7816d474b83187392732daf6) Importer(2089858483,0ecaa5967403d082aa24f35e1b516d23) Generated GUIDs only implemented for interfaces!
 -> (artifact id: '61d46c86d3da39297aa41fdfae5b1e4e') in 0.027293 seconds
Number of updated asset objects reloaded before import = 0
Number of asset objects unloaded after import = 6
========================================================================
Received Import Request.
  Time since last request: 2.483847 seconds.
  path: Assets/07.Asset/Pixel Adventure 1/Assets/Background/Brown.png
  artifactKey: Guid(ca6a66f8e2ae9c24c8c6b39c49206a0d) Importer(815301076,1909f56bfc062723c751e8b465ee728b)
Start importing Assets/07.Asset/Pixel Adventure 1/Assets/Background/Brown.png using Guid(ca6a66f8e2ae9c24c8c6b39c49206a0d) Importer(815301076,1909f56bfc062723c751e8b465ee728b)  -> (artifact id: 'f44c3b0ef594ecc5cca8ded8c6e214c8') in 0.081527 seconds
Number of updated asset objects reloaded before import = 0
Number of asset objects unloaded after import = 3
========================================================================
Received Import Request.
  Time since last request: 4.014010 seconds.
  path: Assets/04.Sprites/Brown.png
  artifactKey: Guid(4f5d053250949bb418a0a5c59547af41) Importer(815301076,1909f56bfc062723c751e8b465ee728b)
Start importing Assets/04.Sprites/Brown.png using Guid(4f5d053250949bb418a0a5c59547af41) Importer(815301076,1909f56bfc062723c751e8b465ee728b)  -> (artifact id: 'a94721341b559cbeb99a738572e38f08') in 0.010146 seconds
Number of updated asset objects reloaded before import = 0
Number of asset objects unloaded after import = 3
========================================================================
Received Import Request.
  Time since last request: 0.000014 seconds.
  path: Assets/04.Sprites/Yellow.png
  artifactKey: Guid(cd54f68511a5c8a408cd365c6f315fa5) Importer(815301076,1909f56bfc062723c751e8b465ee728b)
Start importing Assets/04.Sprites/Yellow.png using Guid(cd54f68511a5c8a408cd365c6f315fa5) Importer(815301076,1909f56bfc062723c751e8b465ee728b)  -> (artifact id: '486a5c1116745d24a04a0e1768acc4b7') in 0.014200 seconds
Number of updated asset objects reloaded before import = 0
Number of asset objects unloaded after import = 3
========================================================================
Received Import Request.
  Time since last request: 0.953175 seconds.
  path: Assets/04.Sprites/Brown.png
  artifactKey: Guid(4f5d053250949bb418a0a5c59547af41) Importer(2089858483,0ecaa5967403d082aa24f35e1b516d23)
Start importing Assets/04.Sprites/Brown.png using Guid(4f5d053250949bb418a0a5c59547af41) Importer(2089858483,0ecaa5967403d082aa24f35e1b516d23) Generated GUIDs only implemented for interfaces!
 -> (artifact id: '85cbabc920e4d391e2d1fe5c95e563ed') in 0.017493 seconds
Number of updated asset objects reloaded before import = 0
Number of asset objects unloaded after import = 3
========================================================================
Received Import Request.
  Time since last request: 4.643601 seconds.
  path: Assets/07.Asset/Pixel Adventure 1/Assets/Items/Fruits/Bananas.png
  artifactKey: Guid(b1f24b3bc2e2f1d4b858657ad5c115a0) Importer(815301076,1909f56bfc062723c751e8b465ee728b)
Start importing Assets/07.Asset/Pixel Adventure 1/Assets/Items/Fruits/Bananas.png using Guid(b1f24b3bc2e2f1d4b858657ad5c115a0) Importer(815301076,1909f56bfc062723c751e8b465ee728b)  -> (artifact id: '0c1c71d506afbc18de02209ce3843b65') in 0.285411 seconds
Number of updated asset objects reloaded before import = 0
Number of asset objects unloaded after import = 19
========================================================================
Received Import Request.
  Time since last request: 0.000013 seconds.
  path: Assets/07.Asset/Pixel Adventure 1/Assets/Items/Fruits/Melon.png
  artifactKey: Guid(031678d507e557a41b7a16fc33bf6c39) Importer(815301076,1909f56bfc062723c751e8b465ee728b)
Start importing Assets/07.Asset/Pixel Adventure 1/Assets/Items/Fruits/Melon.png using Guid(031678d507e557a41b7a16fc33bf6c39) Importer(815301076,1909f56bfc062723c751e8b465ee728b)  -> (artifact id: 'e15d08ad90072d02d0c3f92a1a163acd') in 0.033792 seconds
Number of updated asset objects reloaded before import = 0
Number of asset objects unloaded after import = 19
========================================================================
Received Import Request.
  Time since last request: 6.701643 seconds.
  path: Assets/04.Sprites/Bananas.png
  artifactKey: Guid(4ef111f05fa78734288c131ad61c9c9c) Importer(815301076,1909f56bfc062723c751e8b465ee728b)
Start importing Assets/04.Sprites/Bananas.png using Guid(4ef111f05fa78734288c131ad61c9c9c) Importer(815301076,1909f56bfc062723c751e8b465ee728b)  -> (artifact id: 'fa2d6d3dea44822af5e724a3e51752da') in 0.195331 seconds
Number of updated asset objects reloaded before import = 0
Number of asset objects unloaded after import = 19
========================================================================
Received Import Request.
  Time since last request: 0.790299 seconds.
  path: Assets/04.Sprites/Bananas.png
  artifactKey: Guid(4ef111f05fa78734288c131ad61c9c9c) Importer(2089858483,0ecaa5967403d082aa24f35e1b516d23)
Start importing Assets/04.Sprites/Bananas.png using Guid(4ef111f05fa78734288c131ad61c9c9c) Importer(2089858483,0ecaa5967403d082aa24f35e1b516d23) Generated GUIDs only implemented for interfaces!
 -> (artifact id: 'cfbaebbffc5c3a662af66388e1fe2a3c') in 0.040019 seconds
Number of updated asset objects reloaded before import = 0
Number of asset objects unloaded after import = 19
========================================================================
Received Import Request.
  Time since last request: 3.028037 seconds.
  path: Assets/07.Asset/Pixel Adventure 1/Assets/Other/Dust Particle.png
  artifactKey: Guid(e7980a08b8e9f3c4bbe56762604cba98) Importer(815301076,1909f56bfc062723c751e8b465ee728b)
Start importing Assets/07.Asset/Pixel Adventure 1/Assets/Other/Dust Particle.png using Guid(e7980a08b8e9f3c4bbe56762604cba98) Importer(815301076,1909f56bfc062723c751e8b465ee728b)  -> (artifact id: 'd7a7e9e213f2d703422d95fa7c2a61ad') in 0.042316 seconds
Number of updated asset objects reloaded before import = 0
Number of asset objects unloaded after import = 3
========================================================================
Received Import Request.
  Time since last request: 0.595626 seconds.
  path: Assets/07.Asset/Pixel Adventure 1/Assets/Main Characters/Desappearing (96x96).png
  artifactKey: Guid(99e1beacf34e67c42afd2d344aefcc3c) Importer(815301076,1909f56bfc062723c751e8b465ee728b)
Start importing Assets/07.Asset/Pixel Adventure 1/Assets/Main Characters/Desappearing (96x96).png using Guid(99e1beacf34e67c42afd2d344aefcc3c) Importer(815301076,1909f56bfc062723c751e8b465ee728b)  -> (artifact id: '4af920198fd6e02f839a2d85ae4b9597') in 0.075958 seconds
Number of updated asset objects reloaded before import = 0
Number of asset objects unloaded after import = 9
========================================================================
Received Import Request.
  Time since last request: 3.622539 seconds.
  path: Assets/07.Asset/Pixel Adventure 1/Assets/Main Characters/Mask Dude/Fall (32x32).png
  artifactKey: Guid(88794fc5febd16e40a94cacbf542b65b) Importer(815301076,1909f56bfc062723c751e8b465ee728b)
Start importing Assets/07.Asset/Pixel Adventure 1/Assets/Main Characters/Mask Dude/Fall (32x32).png using Guid(88794fc5febd16e40a94cacbf542b65b) Importer(815301076,1909f56bfc062723c751e8b465ee728b)  -> (artifact id: 'aec0ddb9d62e4ee40d3f04cb4d13fcb3') in 0.044114 seconds
Number of updated asset objects reloaded before import = 0
Number of asset objects unloaded after import = 3
========================================================================
Received Import Request.
  Time since last request: 0.000012 seconds.
  path: Assets/07.Asset/Pixel Adventure 1/Assets/Main Characters/Mask Dude/Run (32x32).png
  artifactKey: Guid(97d5ce53f3ac76e4888319c6a53c7ff3) Importer(815301076,1909f56bfc062723c751e8b465ee728b)
Start importing Assets/07.Asset/Pixel Adventure 1/Assets/Main Characters/Mask Dude/Run (32x32).png using Guid(97d5ce53f3ac76e4888319c6a53c7ff3) Importer(815301076,1909f56bfc062723c751e8b465ee728b)  -> (artifact id: '2fc2d53709a26229a793b09b2910b116') in 0.158070 seconds
Number of updated asset objects reloaded before import = 0
Number of asset objects unloaded after import = 14
========================================================================
Received Import Request.
  Time since last request: 1.877693 seconds.
  path: Assets/07.Asset/Pixel Adventure 1/Assets/Main Characters/Ninja Frog/Fall (32x32).png
  artifactKey: Guid(b6d14bcb8d9dbb349beb9d3619096732) Importer(815301076,1909f56bfc062723c751e8b465ee728b)
Start importing Assets/07.Asset/Pixel Adventure 1/Assets/Main Characters/Ninja Frog/Fall (32x32).png using Guid(b6d14bcb8d9dbb349beb9d3619096732) Importer(815301076,1909f56bfc062723c751e8b465ee728b)  -> (artifact id: '7d203b3158de393d59c831a939d38178') in 0.029441 seconds
Number of updated asset objects reloaded before import = 0
Number of asset objects unloaded after import = 3
========================================================================
Received Import Request.
  Time since last request: 0.000015 seconds.
  path: Assets/07.Asset/Pixel Adventure 1/Assets/Main Characters/Ninja Frog/Run (32x32).png
  artifactKey: Guid(e362bc6a7c79fce4db16d145d43a5550) Importer(815301076,1909f56bfc062723c751e8b465ee728b)
Start importing Assets/07.Asset/Pixel Adventure 1/Assets/Main Characters/Ninja Frog/Run (32x32).png using Guid(e362bc6a7c79fce4db16d145d43a5550) Importer(815301076,1909f56bfc062723c751e8b465ee728b)  -> (artifact id: '2c9e96322a27d7ce8b8b69b81e5632f4') in 0.040786 seconds
Number of updated asset objects reloaded before import = 0
Number of asset objects unloaded after import = 14
========================================================================
Received Import Request.
  Time since last request: 1.753846 seconds.
  path: Assets/07.Asset/Pixel Adventure 1/Assets/Main Characters/Pink Man/Fall (32x32).png
  artifactKey: Guid(1a6feec238b9a99499082bb755fa32df) Importer(815301076,1909f56bfc062723c751e8b465ee728b)
Start importing Assets/07.Asset/Pixel Adventure 1/Assets/Main Characters/Pink Man/Fall (32x32).png using Guid(1a6feec238b9a99499082bb755fa32df) Importer(815301076,1909f56bfc062723c751e8b465ee728b)  -> (artifact id: '6a82d18297232413a3eb63bf2b674ccd') in 0.017128 seconds
Number of updated asset objects reloaded before import = 0
Number of asset objects unloaded after import = 3
========================================================================
Received Import Request.
  Time since last request: 0.000014 seconds.
  path: Assets/07.Asset/Pixel Adventure 1/Assets/Main Characters/Pink Man/Wall Jump (32x32).png
  artifactKey: Guid(603abb83490921841976d0f1b2045f23) Importer(815301076,1909f56bfc062723c751e8b465ee728b)
Start importing Assets/07.Asset/Pixel Adventure 1/Assets/Main Characters/Pink Man/Wall Jump (32x32).png using Guid(603abb83490921841976d0f1b2045f23) Importer(815301076,1909f56bfc062723c751e8b465ee728b)  -> (artifact id: 'c872a338f884962eddf892a36c1ee470') in 0.017423 seconds
Number of updated asset objects reloaded before import = 0
Number of asset objects unloaded after import = 7
========================================================================
Received Import Request.
  Time since last request: 2.399868 seconds.
  path: Assets/07.Asset/Pixel Adventure 1/Assets/Main Characters/Virtual Guy/Fall (32x32).png
  artifactKey: Guid(5c8b2ada1a819a54e8c051165c738f18) Importer(815301076,1909f56bfc062723c751e8b465ee728b)
Start importing Assets/07.Asset/Pixel Adventure 1/Assets/Main Characters/Virtual Guy/Fall (32x32).png using Guid(5c8b2ada1a819a54e8c051165c738f18) Importer(815301076,1909f56bfc062723c751e8b465ee728b)  -> (artifact id: 'b7d6063f718811243d9c41f416b6807b') in 0.032857 seconds
Number of updated asset objects reloaded before import = 0
Number of asset objects unloaded after import = 3
========================================================================
Received Import Request.
  Time since last request: 0.000014 seconds.
  path: Assets/07.Asset/Pixel Adventure 1/Assets/Main Characters/Virtual Guy/Run (32x32).png
  artifactKey: Guid(552146dbb8bac6f449493bca4b69540f) Importer(815301076,1909f56bfc062723c751e8b465ee728b)
Start importing Assets/07.Asset/Pixel Adventure 1/Assets/Main Characters/Virtual Guy/Run (32x32).png using Guid(552146dbb8bac6f449493bca4b69540f) Importer(815301076,1909f56bfc062723c751e8b465ee728b)  -> (artifact id: 'd2196c83b6c102a5cdbc8e6540d977b1') in 0.033101 seconds
Number of updated asset objects reloaded before import = 0
Number of asset objects unloaded after import = 14
========================================================================
Received Import Request.
  Time since last request: 6.513344 seconds.
  path: Assets/04.Sprites/Fall (32x32).png
  artifactKey: Guid(cd4e3e3105b7b6c499c3132e14946192) Importer(815301076,1909f56bfc062723c751e8b465ee728b)
Start importing Assets/04.Sprites/Fall (32x32).png using Guid(cd4e3e3105b7b6c499c3132e14946192) Importer(815301076,1909f56bfc062723c751e8b465ee728b)  -> (artifact id: '14acd388c70c22a13a86740c355bef97') in 0.010950 seconds
Number of updated asset objects reloaded before import = 0
Number of asset objects unloaded after import = 3
========================================================================
Received Import Request.
  Time since last request: 0.000009 seconds.
  path: Assets/04.Sprites/Run (32x32).png
  artifactKey: Guid(60dc90994651a2649841a77553b7ff26) Importer(815301076,1909f56bfc062723c751e8b465ee728b)
Start importing Assets/04.Sprites/Run (32x32).png using Guid(60dc90994651a2649841a77553b7ff26) Importer(815301076,1909f56bfc062723c751e8b465ee728b)  -> (artifact id: '57d65ee0af6336c570315b8ae0113b61') in 0.069387 seconds
Number of updated asset objects reloaded before import = 0
Number of asset objects unloaded after import = 14
========================================================================
Received Import Request.
  Time since last request: 0.910321 seconds.
  path: Assets/04.Sprites/Fall (32x32).png
  artifactKey: Guid(cd4e3e3105b7b6c499c3132e14946192) Importer(2089858483,0ecaa5967403d082aa24f35e1b516d23)
Start importing Assets/04.Sprites/Fall (32x32).png using Guid(cd4e3e3105b7b6c499c3132e14946192) Importer(2089858483,0ecaa5967403d082aa24f35e1b516d23) Generated GUIDs only implemented for interfaces!
 -> (artifact id: '534be3cf6327a9ca09115e0b219cb903') in 0.030291 seconds
Number of updated asset objects reloaded before import = 0
Number of asset objects unloaded after import = 3
========================================================================
Received Import Request.
  Time since last request: 11.230860 seconds.
  path: Assets/07.Asset/Pixel Adventure 1/Assets/Terrain/Terrain Sliced (16x16).png
  artifactKey: Guid(fc584d329b77b9545b9c9c8bb829e553) Importer(815301076,1909f56bfc062723c751e8b465ee728b)
Start importing Assets/07.Asset/Pixel Adventure 1/Assets/Terrain/Terrain Sliced (16x16).png using Guid(fc584d329b77b9545b9c9c8bb829e553) Importer(815301076,1909f56bfc062723c751e8b465ee728b)  -> (artifact id: 'f99f87d258cd44554545d9748a324a29') in 0.357261 seconds
Number of updated asset objects reloaded before import = 0
Number of asset objects unloaded after import = 146
========================================================================
Received Import Request.
  Time since last request: 7.386443 seconds.
  path: Assets/04.Sprites/Terrain Sliced (16x16).png
  artifactKey: Guid(068dd05a3e5c9a84696047c4ba7a1a77) Importer(815301076,1909f56bfc062723c751e8b465ee728b)
Start importing Assets/04.Sprites/Terrain Sliced (16x16).png using Guid(068dd05a3e5c9a84696047c4ba7a1a77) Importer(815301076,1909f56bfc062723c751e8b465ee728b)  -> (artifact id: 'e5765720bbef0eb6ffa1b449f3bda2de') in 0.160349 seconds
Number of updated asset objects reloaded before import = 0
Number of asset objects unloaded after import = 146
========================================================================
Received Import Request.
  Time since last request: 0.820168 seconds.
  path: Assets/04.Sprites/Terrain (16x16) 1.png
  artifactKey: Guid(41f6dfc18fdd3574cb0c462f10fc9b2a) Importer(2089858483,0ecaa5967403d082aa24f35e1b516d23)
Start importing Assets/04.Sprites/Terrain (16x16) 1.png using Guid(41f6dfc18fdd3574cb0c462f10fc9b2a) Importer(2089858483,0ecaa5967403d082aa24f35e1b516d23) Generated GUIDs only implemented for interfaces!
 -> (artifact id: '5e292d41f0f931a63e8b59308edcf492') in 0.022951 seconds
Number of updated asset objects reloaded before import = 0
Number of asset objects unloaded after import = 3
========================================================================
Received Import Request.
  Time since last request: 3.863512 seconds.
  path: Assets/07.Asset/Pixel Adventure 1/Assets/Traps/Arrow/Idle (18x18).png
  artifactKey: Guid(f42176bbc0b84b54e83c161abc6eb071) Importer(815301076,1909f56bfc062723c751e8b465ee728b)
Start importing Assets/07.Asset/Pixel Adventure 1/Assets/Traps/Arrow/Idle (18x18).png using Guid(f42176bbc0b84b54e83c161abc6eb071) Importer(815301076,1909f56bfc062723c751e8b465ee728b)  -> (artifact id: '38a9a9e68bd55fdf272cd4e2622fa837') in 0.078614 seconds
Number of updated asset objects reloaded before import = 0
Number of asset objects unloaded after import = 12
========================================================================
Received Import Request.
  Time since last request: 7.851389 seconds.
  path: Assets/07.Asset/Pixel Adventure 1/Assets/Traps/Platforms/Brown On (32x8).png
  artifactKey: Guid(e242b62e7e6caee439fa1d024a8fa5bb) Importer(815301076,1909f56bfc062723c751e8b465ee728b)
Start importing Assets/07.Asset/Pixel Adventure 1/Assets/Traps/Platforms/Brown On (32x8).png using Guid(e242b62e7e6caee439fa1d024a8fa5bb) Importer(815301076,1909f56bfc062723c751e8b465ee728b)  -> (artifact id: '0e57f63639bef93964133ce6dec787e9') in 0.118250 seconds
Number of updated asset objects reloaded before import = 0
Number of asset objects unloaded after import = 10
========================================================================
Received Import Request.
  Time since last request: 37.804521 seconds.
  path: Assets/04.Sprites/ /Blue.png
  artifactKey: Guid(f909db2221f29cb4fbbef540f725257a) Importer(2089858483,0ecaa5967403d082aa24f35e1b516d23)
Start importing Assets/04.Sprites/ /Blue.png using Guid(f909db2221f29cb4fbbef540f725257a) Importer(2089858483,0ecaa5967403d082aa24f35e1b516d23) Generated GUIDs only implemented for interfaces!
 -> (artifact id: '07ae74a712070c04104a05b438b6f9ac') in 0.027627 seconds
Number of updated asset objects reloaded before import = 0
Number of asset objects unloaded after import = 3
========================================================================
Received Import Request.
  Time since last request: 0.000012 seconds.
  path: Assets/04.Sprites/ /Purple.png
  artifactKey: Guid(c2e2588961133af48bee24bff6c8f029) Importer(2089858483,0ecaa5967403d082aa24f35e1b516d23)
Start importing Assets/04.Sprites/ /Purple.png using Guid(c2e2588961133af48bee24bff6c8f029) Importer(2089858483,0ecaa5967403d082aa24f35e1b516d23) Generated GUIDs only implemented for interfaces!
 -> (artifact id: 'dd622a874fc86817ce3ccba045889b0a') in 0.022987 seconds
Number of updated asset objects reloaded before import = 0
Number of asset objects unloaded after import = 3
========================================================================
Received Import Request.
  Time since last request: 10.035787 seconds.
  path: Assets/04.Sprites/ /Cherries.png
  artifactKey: Guid(b21385f29fe1a3249be3c70418a9467b) Importer(2089858483,0ecaa5967403d082aa24f35e1b516d23)
Start importing Assets/04.Sprites/ /Cherries.png using Guid(b21385f29fe1a3249be3c70418a9467b) Importer(2089858483,0ecaa5967403d082aa24f35e1b516d23) Generated GUIDs only implemented for interfaces!
 -> (artifact id: 'a023d9db7a4f7c45ef40f93381612e4e') in 0.052818 seconds
Number of updated asset objects reloaded before import = 0
Number of asset objects unloaded after import = 19
========================================================================
Received Import Request.
  Time since last request: 24.755676 seconds.
  path: Assets/04.Sprites/ /Idle (32x32).png
  artifactKey: Guid(9f7c02c313b7974449259784a972efe4) Importer(2089858483,0ecaa5967403d082aa24f35e1b516d23)
Start importing Assets/04.Sprites/ /Idle (32x32).png using Guid(9f7c02c313b7974449259784a972efe4) Importer(2089858483,0ecaa5967403d082aa24f35e1b516d23) Generated GUIDs only implemented for interfaces!
 -> (artifact id: '99848a91ac2c3a1d61ca80f14fbb4068') in 0.039529 seconds
Number of updated asset objects reloaded before import = 0
Number of asset objects unloaded after import = 13
========================================================================
Received Import Request.
  Time since last request: 5.549780 seconds.
  path: Assets/04.Sprites/ /Idle.png
  artifactKey: Guid(af433c85051d7304888fc3dc7d9bc7b5) Importer(2089858483,0ecaa5967403d082aa24f35e1b516d23)
Start importing Assets/04.Sprites/ /Idle.png using Guid(af433c85051d7304888fc3dc7d9bc7b5) Importer(2089858483,0ecaa5967403d082aa24f35e1b516d23) Generated GUIDs only implemented for interfaces!
 -> (artifact id: 'ae89e44ccf8b013e9f14aa47c0f0c204') in 0.032614 seconds
Number of updated asset objects reloaded before import = 0
Number of asset objects unloaded after import = 3
========================================================================
Received Import Request.
  Time since last request: 6.860774 seconds.
  path: Assets/04.Sprites/ /Confetti (16x16).png
  artifactKey: Guid(5f5a2683c6893384e89008234819fc37) Importer(815301076,1909f56bfc062723c751e8b465ee728b)
Start importing Assets/04.Sprites/ /Confetti (16x16).png using Guid(5f5a2683c6893384e89008234819fc37) Importer(815301076,1909f56bfc062723c751e8b465ee728b)  -> (artifact id: '955bc6bfff40c399f23f2539e362c486') in 0.053034 seconds
Number of updated asset objects reloaded before import = 0
Number of asset objects unloaded after import = 8
========================================================================
Received Import Request.
  Time since last request: 0.921443 seconds.
  path: Assets/04.Sprites/ /Purple.png
  artifactKey: Guid(c2e2588961133af48bee24bff6c8f029) Importer(2089858483,0ecaa5967403d082aa24f35e1b516d23)
Start importing Assets/04.Sprites/ /Purple.png using Guid(c2e2588961133af48bee24bff6c8f029) Importer(2089858483,0ecaa5967403d082aa24f35e1b516d23) Generated GUIDs only implemented for interfaces!
 -> (artifact id: '44763cceae7f92535e0b28d9eca1e5c9') in 0.017473 seconds
Number of updated asset objects reloaded before import = 0
Number of asset objects unloaded after import = 3
========================================================================
Received Import Request.
  Time since last request: 4.662588 seconds.
  path: Assets/04.Sprites/ /Bananas.png
  artifactKey: Guid(4ef111f05fa78734288c131ad61c9c9c) Importer(815301076,1909f56bfc062723c751e8b465ee728b)
Start importing Assets/04.Sprites/ /Bananas.png using Guid(4ef111f05fa78734288c131ad61c9c9c) Importer(815301076,1909f56bfc062723c751e8b465ee728b)  -> (artifact id: '53cad637c79c3877883cf40f8d1ada3f') in 0.092987 seconds
Number of updated asset objects reloaded before import = 0
Number of asset objects unloaded after import = 19
========================================================================
Received Import Request.
  Time since last request: 0.869434 seconds.
  path: Assets/04.Sprites/ /Apple.png
  artifactKey: Guid(da16ee2dc1cf1b3429fdd3329faf5dbb) Importer(2089858483,0ecaa5967403d082aa24f35e1b516d23)
Start importing Assets/04.Sprites/ /Apple.png using Guid(da16ee2dc1cf1b3429fdd3329faf5dbb) Importer(2089858483,0ecaa5967403d082aa24f35e1b516d23) Generated GUIDs only implemented for interfaces!
 -> (artifact id: '13738c337e3b21689a0fc1072d606f3f') in 0.039128 seconds
Number of updated asset objects reloaded before import = 0
Number of asset objects unloaded after import = 19
========================================================================
Received Import Request.
  Time since last request: 4.621091 seconds.
  path: Assets/04.Sprites/ /Fall (32x32).png
  artifactKey: Guid(cd4e3e3105b7b6c499c3132e14946192) Importer(815301076,1909f56bfc062723c751e8b465ee728b)
Start importing Assets/04.Sprites/ /Fall (32x32).png using Guid(cd4e3e3105b7b6c499c3132e14946192) Importer(815301076,1909f56bfc062723c751e8b465ee728b)  -> (artifact id: 'd2105d753b42644a378f32109f3599ee') in 0.008197 seconds
Number of updated asset objects reloaded before import = 0
Number of asset objects unloaded after import = 3
========================================================================
Received Import Request.
  Time since last request: 0.971752 seconds.
  path: Assets/04.Sprites/ /Double Jump (32x32).png
  artifactKey: Guid(ff17a0af7899ce54cbb91523fb0915b5) Importer(2089858483,0ecaa5967403d082aa24f35e1b516d23)
Start importing Assets/04.Sprites/ /Double Jump (32x32).png using Guid(ff17a0af7899ce54cbb91523fb0915b5) Importer(2089858483,0ecaa5967403d082aa24f35e1b516d23) Generated GUIDs only implemented for interfaces!
 -> (artifact id: '8d5fb83df3ff27b7175befc3588e8566') in 0.033364 seconds
Number of updated asset objects reloaded before import = 0
Number of asset objects unloaded after import = 8
========================================================================
Received Import Request.
  Time since last request: 5.045287 seconds.
  path: Assets/04.Sprites/ /Idle.png
  artifactKey: Guid(af433c85051d7304888fc3dc7d9bc7b5) Importer(815301076,1909f56bfc062723c751e8b465ee728b)
Start importing Assets/04.Sprites/ /Idle.png using Guid(af433c85051d7304888fc3dc7d9bc7b5) Importer(815301076,1909f56bfc062723c751e8b465ee728b)  -> (artifact id: '942b87811de1b6f0d5052ffed8516464') in 0.015216 seconds
Number of updated asset objects reloaded before import = 0
Number of asset objects unloaded after import = 3
========================================================================
Received Import Request.
  Time since last request: 0.959711 seconds.
  path: Assets/04.Sprites/ /Idle.png
  artifactKey: Guid(af433c85051d7304888fc3dc7d9bc7b5) Importer(2089858483,0ecaa5967403d082aa24f35e1b516d23)
Start importing Assets/04.Sprites/ /Idle.png using Guid(af433c85051d7304888fc3dc7d9bc7b5) Importer(2089858483,0ecaa5967403d082aa24f35e1b516d23) Generated GUIDs only implemented for interfaces!
 -> (artifact id: '1d70b9edf8e35bf377a62f749b210e45') in 0.015257 seconds
Number of updated asset objects reloaded before import = 0
Number of asset objects unloaded after import = 3
